2021-03-31T03:42:38+00:00 CRITICAL Object of class WP_REST_Request could not be converted to string in /var/www/html/wp-content/plugins/samadhan-events-schedular/includes/functions.php on line 621

2021-03-31T03:42:55+00:00 CRITICAL Object of class WP_REST_Request could not be converted to string in /var/www/html/wp-content/plugins/samadhan-events-schedular/includes/functions.php on line 621

2021-03-31T03:43:10+00:00 CRITICAL Object of class WP_REST_Request could not be converted to string in /var/www/html/wp-content/plugins/samadhan-events-schedular/includes/functions.php on line 621

2021-03-31T03:52:40+00:00 CRITICAL Object of class WP_REST_Request could not be converted to string in /var/www/html/wp-content/plugins/samadhan-events-schedular/includes/functions.php on line 621

2021-03-31T03:52:45+00:00 CRITICAL Object of class WP_REST_Request could not be converted to string in /var/www/html/wp-content/plugins/samadhan-events-schedular/includes/functions.php on line 621

2021-03-31T03:52:50+00:00 CRITICAL Object of class WP_REST_Request could not be converted to string in /var/www/html/wp-content/plugins/samadhan-events-schedular/includes/functions.php on line 621

2021-03-31T03:53:22+00:00 CRITICAL Uncaught Error: Call to undefined method WC_API_Client::get_reports_total() in /var/www/html/wp-content/plugins/platform-operation-dashboard/platform_operation_dashboard.php:618
Stack trace:
#0 /var/www/html/wp-includes/shortcodes.php(343): SmdnAccountsWoocommerceReport->smdn_woocommerce_orders_by_product_reports('', '', 'pod_orders_by_p...')
#1 [internal function]: do_shortcode_tag(Array)
#2 /var/www/html/wp-includes/shortcodes.php(218): preg_replace_callback('/\\[(\\[?)(pod_or...', 'do_shortcode_ta...', '[pod_orders_by_...')
#3 /var/www/html/wp-includes/class-wp-hook.php(292): do_shortcode('[pod_orders_by_...')
#4 /var/www/html/wp-includes/plugin.php(212): WP_Hook->apply_filters('[pod_orders_by_...', Array)
#5 /var/www/html/wp-includes/post-template.php(253): apply_filters('the_content', '[pod_orders_by_...')
#6 /var/www/html/wp-content/themes/astra/template-parts/content-page.php(54): the_content()
#7 /var/www/html/wp-includes/template.php(732): require('/var/www/html/w...')
#8 /var/www/html/wp-includes/te in /var/www/html/wp-content/plugins/platform-operation-dashboard/platform_operation_dashboard.php on line 618

2021-03-31T03:53:47+00:00 CRITICAL Object of class WP_REST_Request could not be converted to string in /var/www/html/wp-content/plugins/samadhan-events-schedular/includes/functions.php on line 621

2021-03-31T03:54:24+00:00 CRITICAL Object of class WP_REST_Request could not be converted to string in /var/www/html/wp-content/plugins/samadhan-events-schedular/includes/functions.php on line 621

2021-03-31T03:54:32+00:00 CRITICAL Object of class WP_REST_Request could not be converted to string in /var/www/html/wp-content/plugins/samadhan-events-schedular/includes/functions.php on line 621

2021-03-31T03:54:32+00:00 CRITICAL Object of class WP_REST_Request could not be converted to string in /var/www/html/wp-content/plugins/samadhan-events-schedular/includes/functions.php on line 621

2021-03-31T03:54:33+00:00 CRITICAL Object of class WP_REST_Request could not be converted to string in /var/www/html/wp-content/plugins/samadhan-events-schedular/includes/functions.php on line 621

2021-03-31T03:54:35+00:00 CRITICAL Object of class WP_REST_Request could not be converted to string in /var/www/html/wp-content/plugins/samadhan-events-schedular/includes/functions.php on line 621

2021-03-31T03:54:36+00:00 CRITICAL Object of class WP_REST_Request could not be converted to string in /var/www/html/wp-content/plugins/samadhan-events-schedular/includes/functions.php on line 621

2021-03-31T03:54:38+00:00 CRITICAL Uncaught Error: Call to undefined method WC_API_Client::get_reports_total() in /var/www/html/wp-content/plugins/platform-operation-dashboard/platform_operation_dashboard.php:618
Stack trace:
#0 /var/www/html/wp-includes/shortcodes.php(343): SmdnAccountsWoocommerceReport->smdn_woocommerce_orders_by_product_reports('', '', 'pod_orders_by_p...')
#1 [internal function]: do_shortcode_tag(Array)
#2 /var/www/html/wp-includes/shortcodes.php(218): preg_replace_callback('/\\[(\\[?)(pod_or...', 'do_shortcode_ta...', '[pod_orders_by_...')
#3 /var/www/html/wp-includes/class-wp-hook.php(292): do_shortcode('[pod_orders_by_...')
#4 /var/www/html/wp-includes/plugin.php(212): WP_Hook->apply_filters('[pod_orders_by_...', Array)
#5 /var/www/html/wp-includes/post-template.php(253): apply_filters('the_content', '[pod_orders_by_...')
#6 /var/www/html/wp-content/themes/astra/template-parts/content-page.php(54): the_content()
#7 /var/www/html/wp-includes/template.php(732): require('/var/www/html/w...')
#8 /var/www/html/wp-includes/te in /var/www/html/wp-content/plugins/platform-operation-dashboard/platform_operation_dashboard.php on line 618

2021-03-31T03:54:49+00:00 CRITICAL Object of class WP_REST_Request could not be converted to string in /var/www/html/wp-content/plugins/samadhan-events-schedular/includes/functions.php on line 621

2021-03-31T03:55:00+00:00 CRITICAL Object of class WP_REST_Request could not be converted to string in /var/www/html/wp-content/plugins/samadhan-events-schedular/includes/functions.php on line 621

2021-03-31T03:55:04+00:00 CRITICAL Object of class WP_REST_Request could not be converted to string in /var/www/html/wp-content/plugins/samadhan-events-schedular/includes/functions.php on line 621

2021-03-31T03:55:15+00:00 CRITICAL Object of class WP_REST_Request could not be converted to string in /var/www/html/wp-content/plugins/samadhan-events-schedular/includes/functions.php on line 621

2021-03-31T03:55:19+00:00 CRITICAL Object of class WP_REST_Request could not be converted to string in /var/www/html/wp-content/plugins/samadhan-events-schedular/includes/functions.php on line 621

2021-03-31T03:55:27+00:00 CRITICAL Object of class WP_REST_Request could not be converted to string in /var/www/html/wp-content/plugins/samadhan-events-schedular/includes/functions.php on line 621

2021-03-31T03:55:32+00:00 CRITICAL Object of class WP_REST_Request could not be converted to string in /var/www/html/wp-content/plugins/samadhan-events-schedular/includes/functions.php on line 621

2021-03-31T03:55:40+00:00 CRITICAL Object of class WP_REST_Request could not be converted to string in /var/www/html/wp-content/plugins/samadhan-events-schedular/includes/functions.php on line 621

2021-03-31T03:55:45+00:00 CRITICAL Object of class WP_REST_Request could not be converted to string in /var/www/html/wp-content/plugins/samadhan-events-schedular/includes/functions.php on line 621

2021-03-31T03:55:51+00:00 CRITICAL Object of class WP_REST_Request could not be converted to string in /var/www/html/wp-content/plugins/samadhan-events-schedular/includes/functions.php on line 621

2021-03-31T03:55:55+00:00 CRITICAL Object of class WP_REST_Request could not be converted to string in /var/www/html/wp-content/plugins/samadhan-events-schedular/includes/functions.php on line 621

2021-03-31T03:56:06+00:00 CRITICAL Object of class WP_REST_Request could not be converted to string in /var/www/html/wp-content/plugins/samadhan-events-schedular/includes/functions.php on line 621

2021-03-31T04:22:02+00:00 CRITICAL Object of class WP_REST_Request could not be converted to string in /var/www/html/wp-content/plugins/samadhan-events-schedular/includes/functions.php on line 621

2021-03-31T04:22:19+00:00 CRITICAL Object of class WP_REST_Request could not be converted to string in /var/www/html/wp-content/plugins/samadhan-events-schedular/includes/functions.php on line 621

2021-03-31T04:24:47+00:00 CRITICAL Object of class WP_REST_Request could not be converted to string in /var/www/html/wp-content/plugins/samadhan-events-schedular/includes/functions.php on line 621

2021-03-31T04:24:55+00:00 CRITICAL Object of class WP_REST_Request could not be converted to string in /var/www/html/wp-content/plugins/samadhan-events-schedular/includes/functions.php on line 621

2021-03-31T04:25:12+00:00 CRITICAL Object of class WP_REST_Request could not be converted to string in /var/www/html/wp-content/plugins/samadhan-events-schedular/includes/functions.php on line 621

2021-03-31T04:25:22+00:00 CRITICAL Object of class WP_REST_Request could not be converted to string in /var/www/html/wp-content/plugins/samadhan-events-schedular/includes/functions.php on line 621

2021-03-31T04:25:28+00:00 CRITICAL Object of class WP_REST_Request could not be converted to string in /var/www/html/wp-content/plugins/samadhan-events-schedular/includes/functions.php on line 621

2021-03-31T04:25:34+00:00 CRITICAL Object of class WP_REST_Request could not be converted to string in /var/www/html/wp-content/plugins/samadhan-events-schedular/includes/functions.php on line 621

2021-03-31T04:25:47+00:00 CRITICAL Object of class WP_REST_Request could not be converted to string in /var/www/html/wp-content/plugins/samadhan-events-schedular/includes/functions.php on line 621

2021-03-31T04:25:52+00:00 CRITICAL Object of class WP_REST_Request could not be converted to string in /var/www/html/wp-content/plugins/samadhan-events-schedular/includes/functions.php on line 621

2021-03-31T04:25:59+00:00 CRITICAL Object of class WP_REST_Request could not be converted to string in /var/www/html/wp-content/plugins/samadhan-events-schedular/includes/functions.php on line 621

2021-03-31T04:26:11+00:00 CRITICAL Object of class WP_REST_Request could not be converted to string in /var/www/html/wp-content/plugins/samadhan-events-schedular/includes/functions.php on line 621

2021-03-31T04:26:13+00:00 CRITICAL Object of class WP_REST_Request could not be converted to string in /var/www/html/wp-content/plugins/samadhan-events-schedular/includes/functions.php on line 621

2021-03-31T04:26:20+00:00 CRITICAL Object of class WP_REST_Request could not be converted to string in /var/www/html/wp-content/plugins/samadhan-events-schedular/includes/functions.php on line 621

2021-03-31T04:26:28+00:00 CRITICAL Object of class WP_REST_Request could not be converted to string in /var/www/html/wp-content/plugins/samadhan-events-schedular/includes/functions.php on line 621

2021-03-31T04:27:28+00:00 CRITICAL Object of class WP_REST_Request could not be converted to string in /var/www/html/wp-content/plugins/samadhan-events-schedular/includes/functions.php on line 621

2021-03-31T04:28:05+00:00 CRITICAL Object of class WP_REST_Request could not be converted to string in /var/www/html/wp-content/plugins/samadhan-events-schedular/includes/functions.php on line 621

2021-03-31T04:28:11+00:00 CRITICAL Object of class WP_REST_Request could not be converted to string in /var/www/html/wp-content/plugins/samadhan-events-schedular/includes/functions.php on line 621

2021-03-31T04:28:26+00:00 CRITICAL Object of class WP_REST_Request could not be converted to string in /var/www/html/wp-content/plugins/samadhan-events-schedular/includes/functions.php on line 621

2021-03-31T04:28:30+00:00 CRITICAL Object of class WP_REST_Request could not be converted to string in /var/www/html/wp-content/plugins/samadhan-events-schedular/includes/functions.php on line 621

2021-03-31T04:28:56+00:00 CRITICAL Object of class WP_REST_Request could not be converted to string in /var/www/html/wp-content/plugins/samadhan-events-schedular/includes/functions.php on line 621

2021-03-31T04:29:08+00:00 CRITICAL Object of class WP_REST_Request could not be converted to string in /var/www/html/wp-content/plugins/samadhan-events-schedular/includes/functions.php on line 621

2021-03-31T04:29:16+00:00 CRITICAL Object of class WP_REST_Request could not be converted to string in /var/www/html/wp-content/plugins/samadhan-events-schedular/includes/functions.php on line 621

2021-03-31T04:29:19+00:00 CRITICAL Object of class WP_REST_Request could not be converted to string in /var/www/html/wp-content/plugins/samadhan-events-schedular/includes/functions.php on line 621

2021-03-31T04:29:41+00:00 CRITICAL Object of class WP_REST_Request could not be converted to string in /var/www/html/wp-content/plugins/samadhan-events-schedular/includes/functions.php on line 621

2021-03-31T04:29:45+00:00 CRITICAL Object of class WP_REST_Request could not be converted to string in /var/www/html/wp-content/plugins/samadhan-events-schedular/includes/functions.php on line 621

2021-03-31T04:30:10+00:00 CRITICAL Object of class WP_REST_Request could not be converted to string in /var/www/html/wp-content/plugins/samadhan-events-schedular/includes/functions.php on line 621

2021-03-31T04:30:53+00:00 CRITICAL Object of class WP_REST_Request could not be converted to string in /var/www/html/wp-content/plugins/samadhan-events-schedular/includes/functions.php on line 621

2021-03-31T04:31:09+00:00 CRITICAL Object of class WP_REST_Request could not be converted to string in /var/www/html/wp-content/plugins/samadhan-events-schedular/includes/functions.php on line 621

2021-03-31T04:31:16+00:00 CRITICAL Object of class WP_REST_Request could not be converted to string in /var/www/html/wp-content/plugins/samadhan-events-schedular/includes/functions.php on line 621

2021-03-31T05:14:12+00:00 CRITICAL Object of class WP_REST_Request could not be converted to string in /var/www/html/wp-content/plugins/samadhan-events-schedular/includes/functions.php on line 621

2021-03-31T05:14:26+00:00 CRITICAL Object of class WP_REST_Request could not be converted to string in /var/www/html/wp-content/plugins/samadhan-events-schedular/includes/functions.php on line 621

2021-03-31T05:14:53+00:00 CRITICAL Object of class WP_REST_Request could not be converted to string in /var/www/html/wp-content/plugins/samadhan-events-schedular/includes/functions.php on line 621

2021-03-31T05:58:12+00:00 CRITICAL Object of class WP_REST_Request could not be converted to string in /var/www/html/wp-content/plugins/samadhan-events-schedular/includes/functions.php on line 621

2021-03-31T05:58:16+00:00 CRITICAL Object of class WP_REST_Request could not be converted to string in /var/www/html/wp-content/plugins/samadhan-events-schedular/includes/functions.php on line 621

2021-03-31T05:58:27+00:00 CRITICAL Object of class WP_REST_Request could not be converted to string in /var/www/html/wp-content/plugins/samadhan-events-schedular/includes/functions.php on line 621

2021-03-31T05:58:59+00:00 CRITICAL Object of class WP_REST_Request could not be converted to string in /var/www/html/wp-content/plugins/samadhan-events-schedular/includes/functions.php on line 621

2021-03-31T05:59:13+00:00 CRITICAL Object of class WP_REST_Request could not be converted to string in /var/www/html/wp-content/plugins/samadhan-events-schedular/includes/functions.php on line 621

2021-03-31T05:59:42+00:00 CRITICAL Object of class WP_REST_Request could not be converted to string in /var/www/html/wp-content/plugins/samadhan-events-schedular/includes/functions.php on line 621

2021-03-31T05:59:45+00:00 CRITICAL Uncaught Error: Call to undefined method WC_API_Client::get_reports_total() in /var/www/html/wp-content/plugins/platform-operation-dashboard/platform_operation_dashboard.php:618
Stack trace:
#0 /var/www/html/wp-includes/shortcodes.php(343): SmdnAccountsWoocommerceReport->smdn_woocommerce_orders_by_product_reports('', '', 'pod_orders_by_p...')
#1 [internal function]: do_shortcode_tag(Array)
#2 /var/www/html/wp-includes/shortcodes.php(218): preg_replace_callback('/\\[(\\[?)(pod_or...', 'do_shortcode_ta...', '[pod_orders_by_...')
#3 /var/www/html/wp-includes/class-wp-hook.php(292): do_shortcode('[pod_orders_by_...')
#4 /var/www/html/wp-includes/plugin.php(212): WP_Hook->apply_filters('[pod_orders_by_...', Array)
#5 /var/www/html/wp-includes/post-template.php(253): apply_filters('the_content', '[pod_orders_by_...')
#6 /var/www/html/wp-content/themes/astra/template-parts/content-page.php(54): the_content()
#7 /var/www/html/wp-includes/template.php(732): require('/var/www/html/w...')
#8 /var/www/html/wp-includes/te in /var/www/html/wp-content/plugins/platform-operation-dashboard/platform_operation_dashboard.php on line 618

2021-03-31T05:59:58+00:00 CRITICAL Object of class WP_REST_Request could not be converted to string in /var/www/html/wp-content/plugins/samadhan-events-schedular/includes/functions.php on line 621

2021-03-31T06:00:06+00:00 CRITICAL Object of class WP_REST_Request could not be converted to string in /var/www/html/wp-content/plugins/samadhan-events-schedular/includes/functions.php on line 621

2021-03-31T06:00:26+00:00 CRITICAL Object of class WP_REST_Request could not be converted to string in /var/www/html/wp-content/plugins/samadhan-events-schedular/includes/functions.php on line 621

2021-03-31T06:00:42+00:00 CRITICAL Object of class WP_REST_Request could not be converted to string in /var/www/html/wp-content/plugins/samadhan-events-schedular/includes/functions.php on line 621

2021-03-31T06:00:53+00:00 CRITICAL Object of class WP_REST_Request could not be converted to string in /var/www/html/wp-content/plugins/samadhan-events-schedular/includes/functions.php on line 621

2021-03-31T06:31:07+00:00 CRITICAL Object of class WP_REST_Request could not be converted to string in /var/www/html/wp-content/plugins/samadhan-events-schedular/includes/functions.php on line 621

2021-03-31T06:48:49+00:00 CRITICAL Object of class WP_REST_Request could not be converted to string in /var/www/html/wp-content/plugins/samadhan-events-schedular/includes/functions.php on line 621

2021-03-31T06:49:41+00:00 CRITICAL Object of class WP_REST_Request could not be converted to string in /var/www/html/wp-content/plugins/samadhan-events-schedular/includes/functions.php on line 621

2021-03-31T06:50:31+00:00 CRITICAL Object of class WP_REST_Request could not be converted to string in /var/www/html/wp-content/plugins/samadhan-events-schedular/includes/functions.php on line 621

2021-03-31T06:50:46+00:00 CRITICAL Object of class WP_REST_Request could not be converted to string in /var/www/html/wp-content/plugins/samadhan-events-schedular/includes/functions.php on line 621

2021-03-31T07:13:04+00:00 CRITICAL Object of class WP_REST_Request could not be converted to string in /var/www/html/wp-content/plugins/samadhan-events-schedular/includes/functions.php on line 621

2021-03-31T07:13:13+00:00 CRITICAL Uncaught Error: Call to undefined method WC_API_Client::get_reports_total() in /var/www/html/wp-content/plugins/platform-operation-dashboard/platform_operation_dashboard.php:618
Stack trace:
#0 /var/www/html/wp-includes/shortcodes.php(343): SmdnAccountsWoocommerceReport->smdn_woocommerce_orders_by_product_reports('', '', 'pod_orders_by_p...')
#1 [internal function]: do_shortcode_tag(Array)
#2 /var/www/html/wp-includes/shortcodes.php(218): preg_replace_callback('/\\[(\\[?)(pod_or...', 'do_shortcode_ta...', '[pod_orders_by_...')
#3 /var/www/html/wp-includes/class-wp-hook.php(292): do_shortcode('[pod_orders_by_...')
#4 /var/www/html/wp-includes/plugin.php(212): WP_Hook->apply_filters('[pod_orders_by_...', Array)
#5 /var/www/html/wp-includes/post-template.php(253): apply_filters('the_content', '[pod_orders_by_...')
#6 /var/www/html/wp-content/themes/astra/template-parts/content-page.php(54): the_content()
#7 /var/www/html/wp-includes/template.php(732): require('/var/www/html/w...')
#8 /var/www/html/wp-includes/te in /var/www/html/wp-content/plugins/platform-operation-dashboard/platform_operation_dashboard.php on line 618

2021-03-31T07:13:17+00:00 CRITICAL Uncaught Error: Call to undefined method WC_API_Client::get_reports_total() in /var/www/html/wp-content/plugins/platform-operation-dashboard/platform_operation_dashboard.php:618
Stack trace:
#0 /var/www/html/wp-includes/shortcodes.php(343): SmdnAccountsWoocommerceReport->smdn_woocommerce_orders_by_product_reports('', '', 'pod_orders_by_p...')
#1 [internal function]: do_shortcode_tag(Array)
#2 /var/www/html/wp-includes/shortcodes.php(218): preg_replace_callback('/\\[(\\[?)(pod_or...', 'do_shortcode_ta...', '[pod_orders_by_...')
#3 /var/www/html/wp-includes/class-wp-hook.php(292): do_shortcode('[pod_orders_by_...')
#4 /var/www/html/wp-includes/plugin.php(212): WP_Hook->apply_filters('[pod_orders_by_...', Array)
#5 /var/www/html/wp-includes/post-template.php(253): apply_filters('the_content', '[pod_orders_by_...')
#6 /var/www/html/wp-content/themes/astra/template-parts/content-page.php(54): the_content()
#7 /var/www/html/wp-includes/template.php(732): require('/var/www/html/w...')
#8 /var/www/html/wp-includes/te in /var/www/html/wp-content/plugins/platform-operation-dashboard/platform_operation_dashboard.php on line 618

2021-03-31T07:13:25+00:00 CRITICAL Object of class WP_REST_Request could not be converted to string in /var/www/html/wp-content/plugins/samadhan-events-schedular/includes/functions.php on line 621

2021-03-31T07:14:55+00:00 CRITICAL Object of class WP_REST_Request could not be converted to string in /var/www/html/wp-content/plugins/samadhan-events-schedular/includes/functions.php on line 621

2021-03-31T07:15:01+00:00 CRITICAL Object of class WP_REST_Request could not be converted to string in /var/www/html/wp-content/plugins/samadhan-events-schedular/includes/functions.php on line 621

2021-03-31T07:15:18+00:00 CRITICAL Object of class WP_REST_Request could not be converted to string in /var/www/html/wp-content/plugins/samadhan-events-schedular/includes/functions.php on line 621

2021-03-31T07:18:36+00:00 CRITICAL Object of class WP_REST_Request could not be converted to string in /var/www/html/wp-content/plugins/samadhan-events-schedular/includes/functions.php on line 621

2021-03-31T07:18:40+00:00 CRITICAL Object of class WP_REST_Request could not be converted to string in /var/www/html/wp-content/plugins/samadhan-events-schedular/includes/functions.php on line 621

2021-03-31T07:18:46+00:00 CRITICAL Object of class WP_REST_Request could not be converted to string in /var/www/html/wp-content/plugins/samadhan-events-schedular/includes/functions.php on line 621

2021-03-31T07:18:51+00:00 CRITICAL Object of class WP_REST_Request could not be converted to string in /var/www/html/wp-content/plugins/samadhan-events-schedular/includes/functions.php on line 621

2021-03-31T07:18:59+00:00 CRITICAL Object of class WP_REST_Request could not be converted to string in /var/www/html/wp-content/plugins/samadhan-events-schedular/includes/functions.php on line 621

2021-03-31T07:19:05+00:00 CRITICAL Object of class WP_REST_Request could not be converted to string in /var/www/html/wp-content/plugins/samadhan-events-schedular/includes/functions.php on line 621

2021-03-31T07:19:09+00:00 CRITICAL Object of class WP_REST_Request could not be converted to string in /var/www/html/wp-content/plugins/samadhan-events-schedular/includes/functions.php on line 621

2021-03-31T07:19:12+00:00 CRITICAL Object of class WP_REST_Request could not be converted to string in /var/www/html/wp-content/plugins/samadhan-events-schedular/includes/functions.php on line 621

2021-03-31T07:19:20+00:00 CRITICAL Object of class WP_REST_Request could not be converted to string in /var/www/html/wp-content/plugins/samadhan-events-schedular/includes/functions.php on line 621

2021-03-31T07:29:38+00:00 CRITICAL Object of class WP_REST_Request could not be converted to string in /var/www/html/wp-content/plugins/samadhan-events-schedular/includes/functions.php on line 621

2021-03-31T07:31:33+00:00 CRITICAL Object of class WP_REST_Request could not be converted to string in /var/www/html/wp-content/plugins/samadhan-events-schedular/includes/functions.php on line 621

2021-03-31T07:31:37+00:00 CRITICAL Object of class WP_REST_Request could not be converted to string in /var/www/html/wp-content/plugins/samadhan-events-schedular/includes/functions.php on line 621

2021-03-31T07:31:48+00:00 CRITICAL Object of class WP_REST_Request could not be converted to string in /var/www/html/wp-content/plugins/samadhan-events-schedular/includes/functions.php on line 621

2021-03-31T07:32:03+00:00 CRITICAL Object of class WP_REST_Request could not be converted to string in /var/www/html/wp-content/plugins/samadhan-events-schedular/includes/functions.php on line 621

2021-03-31T07:32:26+00:00 CRITICAL Object of class WP_REST_Request could not be converted to string in /var/www/html/wp-content/plugins/samadhan-events-schedular/includes/functions.php on line 621

2021-03-31T07:32:33+00:00 CRITICAL Object of class WP_REST_Request could not be converted to string in /var/www/html/wp-content/plugins/samadhan-events-schedular/includes/functions.php on line 621

2021-03-31T07:32:40+00:00 CRITICAL Object of class WP_REST_Request could not be converted to string in /var/www/html/wp-content/plugins/samadhan-events-schedular/includes/functions.php on line 621

2021-03-31T07:33:11+00:00 CRITICAL Object of class WP_REST_Request could not be converted to string in /var/www/html/wp-content/plugins/samadhan-events-schedular/includes/functions.php on line 621

2021-03-31T07:33:34+00:00 CRITICAL Object of class WP_REST_Request could not be converted to string in /var/www/html/wp-content/plugins/samadhan-events-schedular/includes/functions.php on line 621

2021-03-31T07:34:25+00:00 CRITICAL Object of class WP_REST_Request could not be converted to string in /var/www/html/wp-content/plugins/samadhan-events-schedular/includes/functions.php on line 621

2021-03-31T07:34:39+00:00 CRITICAL Object of class WP_REST_Request could not be converted to string in /var/www/html/wp-content/plugins/samadhan-events-schedular/includes/functions.php on line 621

2021-03-31T07:34:47+00:00 CRITICAL Object of class WP_REST_Request could not be converted to string in /var/www/html/wp-content/plugins/samadhan-events-schedular/includes/functions.php on line 621

2021-03-31T07:35:22+00:00 CRITICAL Object of class WP_REST_Request could not be converted to string in /var/www/html/wp-content/plugins/samadhan-events-schedular/includes/functions.php on line 621

2021-03-31T07:35:27+00:00 CRITICAL Object of class WP_REST_Request could not be converted to string in /var/www/html/wp-content/plugins/samadhan-events-schedular/includes/functions.php on line 621

2021-03-31T07:35:40+00:00 CRITICAL Object of class WP_REST_Request could not be converted to string in /var/www/html/wp-content/plugins/samadhan-events-schedular/includes/functions.php on line 621

2021-03-31T07:35:49+00:00 CRITICAL Object of class WP_REST_Request could not be converted to string in /var/www/html/wp-content/plugins/samadhan-events-schedular/includes/functions.php on line 621

2021-03-31T07:36:03+00:00 CRITICAL Object of class WP_REST_Request could not be converted to string in /var/www/html/wp-content/plugins/samadhan-events-schedular/includes/functions.php on line 621

2021-03-31T07:36:15+00:00 CRITICAL Object of class WP_REST_Request could not be converted to string in /var/www/html/wp-content/plugins/samadhan-events-schedular/includes/functions.php on line 621

2021-03-31T07:36:26+00:00 CRITICAL Object of class WP_REST_Request could not be converted to string in /var/www/html/wp-content/plugins/samadhan-events-schedular/includes/functions.php on line 621

2021-03-31T07:36:36+00:00 CRITICAL Object of class WP_REST_Request could not be converted to string in /var/www/html/wp-content/plugins/samadhan-events-schedular/includes/functions.php on line 621

2021-03-31T07:38:58+00:00 CRITICAL Object of class WP_REST_Request could not be converted to string in /var/www/html/wp-content/plugins/samadhan-events-schedular/includes/functions.php on line 621

2021-03-31T07:39:09+00:00 CRITICAL Object of class WP_REST_Request could not be converted to string in /var/www/html/wp-content/plugins/samadhan-events-schedular/includes/functions.php on line 621

2021-03-31T07:39:24+00:00 CRITICAL Object of class WP_REST_Request could not be converted to string in /var/www/html/wp-content/plugins/samadhan-events-schedular/includes/functions.php on line 621

2021-03-31T07:39:41+00:00 CRITICAL Object of class WP_REST_Request could not be converted to string in /var/www/html/wp-content/plugins/samadhan-events-schedular/includes/functions.php on line 621

2021-03-31T07:39:49+00:00 CRITICAL Object of class WP_REST_Request could not be converted to string in /var/www/html/wp-content/plugins/samadhan-events-schedular/includes/functions.php on line 621

2021-03-31T07:40:25+00:00 CRITICAL Object of class WP_REST_Request could not be converted to string in /var/www/html/wp-content/plugins/samadhan-events-schedular/includes/functions.php on line 621

2021-03-31T08:15:47+00:00 CRITICAL Object of class WP_REST_Request could not be converted to string in /var/www/html/wp-content/plugins/samadhan-events-schedular/includes/functions.php on line 621

2021-03-31T08:15:53+00:00 CRITICAL Object of class WP_REST_Request could not be converted to string in /var/www/html/wp-content/plugins/samadhan-events-schedular/includes/functions.php on line 621

2021-03-31T08:25:45+00:00 CRITICAL Object of class WP_REST_Request could not be converted to string in /var/www/html/wp-content/plugins/samadhan-events-schedular/includes/functions.php on line 621

2021-03-31T08:25:49+00:00 CRITICAL Object of class WP_REST_Request could not be converted to string in /var/www/html/wp-content/plugins/samadhan-events-schedular/includes/functions.php on line 621

2021-03-31T08:25:56+00:00 CRITICAL Object of class WP_REST_Request could not be converted to string in /var/www/html/wp-content/plugins/samadhan-events-schedular/includes/functions.php on line 621

2021-03-31T08:26:01+00:00 CRITICAL Object of class WP_REST_Request could not be converted to string in /var/www/html/wp-content/plugins/samadhan-events-schedular/includes/functions.php on line 621

2021-03-31T08:26:18+00:00 CRITICAL Object of class WP_REST_Request could not be converted to string in /var/www/html/wp-content/plugins/samadhan-events-schedular/includes/functions.php on line 621

2021-03-31T08:26:30+00:00 CRITICAL Object of class WP_REST_Request could not be converted to string in /var/www/html/wp-content/plugins/samadhan-events-schedular/includes/functions.php on line 621

2021-03-31T08:26:38+00:00 CRITICAL Object of class WP_REST_Request could not be converted to string in /var/www/html/wp-content/plugins/samadhan-events-schedular/includes/functions.php on line 621

2021-03-31T08:26:44+00:00 CRITICAL Object of class WP_REST_Request could not be converted to string in /var/www/html/wp-content/plugins/samadhan-events-schedular/includes/functions.php on line 621

2021-03-31T08:26:51+00:00 CRITICAL Object of class WP_REST_Request could not be converted to string in /var/www/html/wp-content/plugins/samadhan-events-schedular/includes/functions.php on line 621

2021-03-31T08:27:03+00:00 CRITICAL Object of class WP_REST_Request could not be converted to string in /var/www/html/wp-content/plugins/samadhan-events-schedular/includes/functions.php on line 621

2021-03-31T08:27:11+00:00 CRITICAL Object of class WP_REST_Request could not be converted to string in /var/www/html/wp-content/plugins/samadhan-events-schedular/includes/functions.php on line 621

2021-03-31T08:30:50+00:00 CRITICAL Object of class WP_REST_Request could not be converted to string in /var/www/html/wp-content/plugins/samadhan-events-schedular/includes/functions.php on line 621

2021-03-31T08:30:59+00:00 CRITICAL Object of class WP_REST_Request could not be converted to string in /var/www/html/wp-content/plugins/samadhan-events-schedular/includes/functions.php on line 621

2021-03-31T08:31:09+00:00 CRITICAL Object of class WP_REST_Request could not be converted to string in /var/www/html/wp-content/plugins/samadhan-events-schedular/includes/functions.php on line 621

2021-03-31T08:31:20+00:00 CRITICAL Object of class WP_REST_Request could not be converted to string in /var/www/html/wp-content/plugins/samadhan-events-schedular/includes/functions.php on line 621

2021-03-31T08:31:42+00:00 CRITICAL Object of class WP_REST_Request could not be converted to string in /var/www/html/wp-content/plugins/samadhan-events-schedular/includes/functions.php on line 621

2021-03-31T08:31:49+00:00 CRITICAL Object of class WP_REST_Request could not be converted to string in /var/www/html/wp-content/plugins/samadhan-events-schedular/includes/functions.php on line 621

2021-03-31T08:31:55+00:00 CRITICAL Object of class WP_REST_Request could not be converted to string in /var/www/html/wp-content/plugins/samadhan-events-schedular/includes/functions.php on line 621

2021-03-31T08:34:21+00:00 CRITICAL Object of class WP_REST_Request could not be converted to string in /var/www/html/wp-content/plugins/samadhan-events-schedular/includes/functions.php on line 621

2021-03-31T08:34:36+00:00 CRITICAL Object of class WP_REST_Request could not be converted to string in /var/www/html/wp-content/plugins/samadhan-events-schedular/includes/functions.php on line 621

2021-03-31T08:35:42+00:00 CRITICAL Object of class WP_REST_Request could not be converted to string in /var/www/html/wp-content/plugins/samadhan-events-schedular/includes/functions.php on line 621

2021-03-31T08:35:55+00:00 CRITICAL Object of class WP_REST_Request could not be converted to string in /var/www/html/wp-content/plugins/samadhan-events-schedular/includes/functions.php on line 621

2021-03-31T08:41:03+00:00 CRITICAL Object of class WP_REST_Request could not be converted to string in /var/www/html/wp-content/plugins/samadhan-events-schedular/includes/functions.php on line 621

2021-03-31T08:47:53+00:00 CRITICAL Object of class WP_REST_Request could not be converted to string in /var/www/html/wp-content/plugins/samadhan-events-schedular/includes/functions.php on line 621

2021-03-31T08:49:09+00:00 CRITICAL Object of class WP_REST_Request could not be converted to string in /var/www/html/wp-content/plugins/samadhan-events-schedular/includes/functions.php on line 621

2021-03-31T08:50:43+00:00 CRITICAL Object of class WP_REST_Request could not be converted to string in /var/www/html/wp-content/plugins/samadhan-events-schedular/includes/functions.php on line 621

2021-03-31T08:57:08+00:00 CRITICAL Object of class WP_REST_Request could not be converted to string in /var/www/html/wp-content/plugins/samadhan-events-schedular/includes/functions.php on line 621

2021-03-31T09:16:49+00:00 CRITICAL Object of class WP_REST_Request could not be converted to string in /var/www/html/wp-content/plugins/samadhan-events-schedular/includes/functions.php on line 621

2021-03-31T09:16:58+00:00 CRITICAL Object of class WP_REST_Request could not be converted to string in /var/www/html/wp-content/plugins/samadhan-events-schedular/includes/functions.php on line 621

2021-03-31T09:17:05+00:00 CRITICAL Object of class WP_REST_Request could not be converted to string in /var/www/html/wp-content/plugins/samadhan-events-schedular/includes/functions.php on line 621

2021-03-31T09:17:27+00:00 CRITICAL Object of class WP_REST_Request could not be converted to string in /var/www/html/wp-content/plugins/samadhan-events-schedular/includes/functions.php on line 621

2021-03-31T09:18:22+00:00 CRITICAL Object of class WP_REST_Request could not be converted to string in /var/www/html/wp-content/plugins/samadhan-events-schedular/includes/functions.php on line 621

2021-03-31T09:18:26+00:00 CRITICAL Object of class WP_REST_Request could not be converted to string in /var/www/html/wp-content/plugins/samadhan-events-schedular/includes/functions.php on line 621

2021-03-31T09:18:32+00:00 CRITICAL Object of class WP_REST_Request could not be converted to string in /var/www/html/wp-content/plugins/samadhan-events-schedular/includes/functions.php on line 621

2021-03-31T09:19:17+00:00 CRITICAL Object of class WP_REST_Request could not be converted to string in /var/www/html/wp-content/plugins/samadhan-events-schedular/includes/functions.php on line 621

2021-03-31T09:20:01+00:00 CRITICAL Object of class WP_REST_Request could not be converted to string in /var/www/html/wp-content/plugins/samadhan-events-schedular/includes/functions.php on line 621

2021-03-31T09:20:10+00:00 CRITICAL Object of class WP_REST_Request could not be converted to string in /var/www/html/wp-content/plugins/samadhan-events-schedular/includes/functions.php on line 621

2021-03-31T09:20:15+00:00 CRITICAL Object of class WP_REST_Request could not be converted to string in /var/www/html/wp-content/plugins/samadhan-events-schedular/includes/functions.php on line 621

2021-03-31T09:20:20+00:00 CRITICAL Object of class WP_REST_Request could not be converted to string in /var/www/html/wp-content/plugins/samadhan-events-schedular/includes/functions.php on line 621

2021-03-31T09:20:24+00:00 CRITICAL Object of class WP_REST_Request could not be converted to string in /var/www/html/wp-content/plugins/samadhan-events-schedular/includes/functions.php on line 621

2021-03-31T09:20:28+00:00 CRITICAL Object of class WP_REST_Request could not be converted to string in /var/www/html/wp-content/plugins/samadhan-events-schedular/includes/functions.php on line 621

2021-03-31T09:20:32+00:00 CRITICAL Object of class WP_REST_Request could not be converted to string in /var/www/html/wp-content/plugins/samadhan-events-schedular/includes/functions.php on line 621

2021-03-31T09:25:01+00:00 CRITICAL Object of class WP_REST_Request could not be converted to string in /var/www/html/wp-content/plugins/samadhan-events-schedular/includes/functions.php on line 621

2021-03-31T09:25:07+00:00 CRITICAL Object of class WP_REST_Request could not be converted to string in /var/www/html/wp-content/plugins/samadhan-events-schedular/includes/functions.php on line 621

2021-03-31T09:25:27+00:00 CRITICAL Object of class WP_REST_Request could not be converted to string in /var/www/html/wp-content/plugins/samadhan-events-schedular/includes/functions.php on line 621

2021-03-31T09:25:34+00:00 CRITICAL Object of class WP_REST_Request could not be converted to string in /var/www/html/wp-content/plugins/samadhan-events-schedular/includes/functions.php on line 621

2021-03-31T09:26:48+00:00 CRITICAL Object of class WP_REST_Request could not be converted to string in /var/www/html/wp-content/plugins/samadhan-events-schedular/includes/functions.php on line 621

2021-03-31T09:27:04+00:00 CRITICAL Object of class WP_REST_Request could not be converted to string in /var/www/html/wp-content/plugins/samadhan-events-schedular/includes/functions.php on line 621

2021-03-31T09:27:21+00:00 CRITICAL Object of class WP_REST_Request could not be converted to string in /var/www/html/wp-content/plugins/samadhan-events-schedular/includes/functions.php on line 621

2021-03-31T09:27:36+00:00 CRITICAL Object of class WP_REST_Request could not be converted to string in /var/www/html/wp-content/plugins/samadhan-events-schedular/includes/functions.php on line 621

2021-03-31T10:02:22+00:00 CRITICAL Object of class WP_REST_Request could not be converted to string in /var/www/html/wp-content/plugins/samadhan-events-schedular/includes/functions.php on line 621

2021-03-31T10:02:42+00:00 CRITICAL Object of class WP_REST_Request could not be converted to string in /var/www/html/wp-content/plugins/samadhan-events-schedular/includes/functions.php on line 621

2021-03-31T10:02:50+00:00 CRITICAL Object of class WP_REST_Request could not be converted to string in /var/www/html/wp-content/plugins/samadhan-events-schedular/includes/functions.php on line 621

2021-03-31T10:13:17+00:00 CRITICAL Object of class WP_REST_Request could not be converted to string in /var/www/html/wp-content/plugins/samadhan-events-schedular/includes/functions.php on line 621

2021-03-31T10:13:25+00:00 CRITICAL Object of class WP_REST_Request could not be converted to string in /var/www/html/wp-content/plugins/samadhan-events-schedular/includes/functions.php on line 621

2021-03-31T10:14:04+00:00 CRITICAL Object of class WP_REST_Request could not be converted to string in /var/www/html/wp-content/plugins/samadhan-events-schedular/includes/functions.php on line 621

2021-03-31T10:14:11+00:00 CRITICAL Object of class WP_REST_Request could not be converted to string in /var/www/html/wp-content/plugins/samadhan-events-schedular/includes/functions.php on line 621

2021-03-31T10:14:17+00:00 CRITICAL Object of class WP_REST_Request could not be converted to string in /var/www/html/wp-content/plugins/samadhan-events-schedular/includes/functions.php on line 621

2021-03-31T10:15:09+00:00 CRITICAL Object of class WP_REST_Request could not be converted to string in /var/www/html/wp-content/plugins/samadhan-events-schedular/includes/functions.php on line 621

2021-03-31T10:16:16+00:00 CRITICAL Object of class WP_REST_Request could not be converted to string in /var/www/html/wp-content/plugins/samadhan-events-schedular/includes/functions.php on line 621

2021-03-31T10:16:27+00:00 CRITICAL Object of class WP_REST_Request could not be converted to string in /var/www/html/wp-content/plugins/samadhan-events-schedular/includes/functions.php on line 621

2021-03-31T11:08:38+00:00 CRITICAL Object of class WP_REST_Request could not be converted to string in /var/www/html/wp-content/plugins/samadhan-events-schedular/includes/functions.php on line 621

2021-03-31T11:09:49+00:00 CRITICAL Object of class WP_REST_Request could not be converted to string in /var/www/html/wp-content/plugins/samadhan-events-schedular/includes/functions.php on line 621

2021-03-31T11:16:29+00:00 CRITICAL Object of class WP_REST_Request could not be converted to string in /var/www/html/wp-content/plugins/samadhan-events-schedular/includes/functions.php on line 621

2021-03-31T11:16:34+00:00 CRITICAL Object of class WP_REST_Request could not be converted to string in /var/www/html/wp-content/plugins/samadhan-events-schedular/includes/functions.php on line 621

2021-03-31T11:16:44+00:00 CRITICAL Object of class WP_REST_Request could not be converted to string in /var/www/html/wp-content/plugins/samadhan-events-schedular/includes/functions.php on line 621

2021-03-31T11:16:52+00:00 CRITICAL Object of class WP_REST_Request could not be converted to string in /var/www/html/wp-content/plugins/samadhan-events-schedular/includes/functions.php on line 621

2021-03-31T11:16:58+00:00 CRITICAL Object of class WP_REST_Request could not be converted to string in /var/www/html/wp-content/plugins/samadhan-events-schedular/includes/functions.php on line 621

2021-03-31T11:17:04+00:00 CRITICAL Object of class WP_REST_Request could not be converted to string in /var/www/html/wp-content/plugins/samadhan-events-schedular/includes/functions.php on line 621

2021-03-31T11:17:25+00:00 CRITICAL Object of class WP_REST_Request could not be converted to string in /var/www/html/wp-content/plugins/samadhan-events-schedular/includes/functions.php on line 621

2021-03-31T11:17:33+00:00 CRITICAL Object of class WP_REST_Request could not be converted to string in /var/www/html/wp-content/plugins/samadhan-events-schedular/includes/functions.php on line 621

2021-03-31T11:17:42+00:00 CRITICAL Object of class WP_REST_Request could not be converted to string in /var/www/html/wp-content/plugins/samadhan-events-schedular/includes/functions.php on line 621

2021-03-31T11:17:45+00:00 CRITICAL Object of class WP_REST_Request could not be converted to string in /var/www/html/wp-content/plugins/samadhan-events-schedular/includes/functions.php on line 621

2021-03-31T11:18:11+00:00 CRITICAL Object of class WP_REST_Request could not be converted to string in /var/www/html/wp-content/plugins/samadhan-events-schedular/includes/functions.php on line 621

2021-03-31T11:18:11+00:00 CRITICAL Object of class WP_REST_Request could not be converted to string in /var/www/html/wp-content/plugins/samadhan-events-schedular/includes/functions.php on line 621

2021-03-31T11:19:09+00:00 CRITICAL Object of class WP_REST_Request could not be converted to string in /var/www/html/wp-content/plugins/samadhan-events-schedular/includes/functions.php on line 621

2021-03-31T11:19:39+00:00 CRITICAL Object of class WP_REST_Request could not be converted to string in /var/www/html/wp-content/plugins/samadhan-events-schedular/includes/functions.php on line 621

2021-03-31T11:20:14+00:00 CRITICAL Object of class WP_REST_Request could not be converted to string in /var/www/html/wp-content/plugins/samadhan-events-schedular/includes/functions.php on line 621

2021-03-31T11:20:20+00:00 CRITICAL Object of class WP_REST_Request could not be converted to string in /var/www/html/wp-content/plugins/samadhan-events-schedular/includes/functions.php on line 621

2021-03-31T11:26:13+00:00 CRITICAL Object of class WP_REST_Request could not be converted to string in /var/www/html/wp-content/plugins/samadhan-events-schedular/includes/functions.php on line 621

2021-03-31T11:26:25+00:00 CRITICAL Object of class WP_REST_Request could not be converted to string in /var/www/html/wp-content/plugins/samadhan-events-schedular/includes/functions.php on line 621

2021-03-31T11:27:44+00:00 CRITICAL Object of class WP_REST_Request could not be converted to string in /var/www/html/wp-content/plugins/samadhan-events-schedular/includes/functions.php on line 621

2021-03-31T11:31:25+00:00 CRITICAL Object of class WP_REST_Request could not be converted to string in /var/www/html/wp-content/plugins/samadhan-events-schedular/includes/functions.php on line 621

2021-03-31T11:31:53+00:00 CRITICAL Object of class WP_REST_Request could not be converted to string in /var/www/html/wp-content/plugins/samadhan-events-schedular/includes/functions.php on line 621

2021-03-31T11:33:37+00:00 CRITICAL Object of class WP_REST_Request could not be converted to string in /var/www/html/wp-content/plugins/samadhan-events-schedular/includes/functions.php on line 621

2021-03-31T11:45:01+00:00 CRITICAL Object of class WP_REST_Request could not be converted to string in /var/www/html/wp-content/plugins/samadhan-events-schedular/includes/functions.php on line 622

2021-03-31T11:45:19+00:00 CRITICAL Object of class WP_REST_Request could not be converted to string in /var/www/html/wp-content/plugins/samadhan-events-schedular/includes/functions.php on line 622

2021-03-31T11:46:25+00:00 CRITICAL Object of class WP_REST_Request could not be converted to string in /var/www/html/wp-content/plugins/samadhan-events-schedular/includes/functions.php on line 622

2021-03-31T11:47:27+00:00 CRITICAL Object of class WP_REST_Request could not be converted to string in /var/www/html/wp-content/plugins/samadhan-events-schedular/includes/functions.php on line 622

2021-03-31T11:47:36+00:00 CRITICAL Object of class WP_REST_Request could not be converted to string in /var/www/html/wp-content/plugins/samadhan-events-schedular/includes/functions.php on line 622

2021-03-31T11:47:57+00:00 CRITICAL Object of class WP_REST_Request could not be converted to string in /var/www/html/wp-content/plugins/samadhan-events-schedular/includes/functions.php on line 622

2021-03-31T11:48:52+00:00 CRITICAL Object of class WP_REST_Request could not be converted to string in /var/www/html/wp-content/plugins/samadhan-events-schedular/includes/functions.php on line 622

2021-03-31T11:50:01+00:00 CRITICAL Object of class WP_REST_Request could not be converted to string in /var/www/html/wp-content/plugins/samadhan-events-schedular/includes/functions.php on line 622

2021-03-31T11:50:58+00:00 CRITICAL Object of class WP_REST_Request could not be converted to string in /var/www/html/wp-content/plugins/samadhan-events-schedular/includes/functions.php on line 622

2021-03-31T11:51:17+00:00 CRITICAL Object of class WP_REST_Request could not be converted to string in /var/www/html/wp-content/plugins/samadhan-events-schedular/includes/functions.php on line 622

2021-03-31T11:58:13+00:00 CRITICAL Object of class WP_REST_Request could not be converted to string in /var/www/html/wp-content/plugins/samadhan-events-schedular/includes/functions.php on line 622

2021-03-31T11:58:19+00:00 CRITICAL Object of class WP_REST_Request could not be converted to string in /var/www/html/wp-content/plugins/samadhan-events-schedular/includes/functions.php on line 622

2021-03-31T11:58:30+00:00 CRITICAL Object of class WP_REST_Request could not be converted to string in /var/www/html/wp-content/plugins/samadhan-events-schedular/includes/functions.php on line 622

2021-03-31T11:58:37+00:00 CRITICAL Object of class WP_REST_Request could not be converted to string in /var/www/html/wp-content/plugins/samadhan-events-schedular/includes/functions.php on line 622

2021-03-31T11:58:46+00:00 CRITICAL Object of class WP_REST_Request could not be converted to string in /var/www/html/wp-content/plugins/samadhan-events-schedular/includes/functions.php on line 622

2021-03-31T11:59:09+00:00 CRITICAL Object of class WP_REST_Request could not be converted to string in /var/www/html/wp-content/plugins/samadhan-events-schedular/includes/functions.php on line 622

2021-03-31T11:59:46+00:00 CRITICAL Object of class WP_REST_Request could not be converted to string in /var/www/html/wp-content/plugins/samadhan-events-schedular/includes/functions.php on line 622

2021-03-31T12:00:06+00:00 CRITICAL Object of class WP_REST_Request could not be converted to string in /var/www/html/wp-content/plugins/samadhan-events-schedular/includes/functions.php on line 622

2021-03-31T12:00:47+00:00 CRITICAL Object of class WP_REST_Request could not be converted to string in /var/www/html/wp-content/plugins/samadhan-events-schedular/includes/functions.php on line 622

2021-03-31T12:00:56+00:00 CRITICAL Object of class WP_REST_Request could not be converted to string in /var/www/html/wp-content/plugins/samadhan-events-schedular/includes/functions.php on line 622

2021-03-31T12:01:14+00:00 CRITICAL Object of class WP_REST_Request could not be converted to string in /var/www/html/wp-content/plugins/samadhan-events-schedular/includes/functions.php on line 622

2021-03-31T12:01:21+00:00 CRITICAL Object of class WP_REST_Request could not be converted to string in /var/www/html/wp-content/plugins/samadhan-events-schedular/includes/functions.php on line 622

2021-03-31T12:02:20+00:00 CRITICAL Object of class WP_REST_Request could not be converted to string in /var/www/html/wp-content/plugins/samadhan-events-schedular/includes/functions.php on line 622

2021-03-31T12:02:32+00:00 CRITICAL Object of class WP_REST_Request could not be converted to string in /var/www/html/wp-content/plugins/samadhan-events-schedular/includes/functions.php on line 622

2021-03-31T12:02:38+00:00 CRITICAL Object of class WP_REST_Request could not be converted to string in /var/www/html/wp-content/plugins/samadhan-events-schedular/includes/functions.php on line 622

2021-03-31T12:02:55+00:00 CRITICAL Object of class WP_REST_Request could not be converted to string in /var/www/html/wp-content/plugins/samadhan-events-schedular/includes/functions.php on line 622

2021-03-31T12:05:52+00:00 CRITICAL Object of class WP_REST_Request could not be converted to string in /var/www/html/wp-content/plugins/samadhan-events-schedular/includes/functions.php on line 622

2021-03-31T12:05:56+00:00 CRITICAL Object of class WP_REST_Request could not be converted to string in /var/www/html/wp-content/plugins/samadhan-events-schedular/includes/functions.php on line 622

2021-03-31T12:06:06+00:00 CRITICAL Object of class WP_REST_Request could not be converted to string in /var/www/html/wp-content/plugins/samadhan-events-schedular/includes/functions.php on line 622

2021-03-31T12:06:19+00:00 CRITICAL Object of class WP_REST_Request could not be converted to string in /var/www/html/wp-content/plugins/samadhan-events-schedular/includes/functions.php on line 622

2021-03-31T12:06:26+00:00 CRITICAL Object of class WP_REST_Request could not be converted to string in /var/www/html/wp-content/plugins/samadhan-events-schedular/includes/functions.php on line 622

2021-03-31T12:06:31+00:00 CRITICAL Object of class WP_REST_Request could not be converted to string in /var/www/html/wp-content/plugins/samadhan-events-schedular/includes/functions.php on line 622

2021-03-31T12:06:35+00:00 CRITICAL Object of class WP_REST_Request could not be converted to string in /var/www/html/wp-content/plugins/samadhan-events-schedular/includes/functions.php on line 622

2021-03-31T12:07:43+00:00 CRITICAL Object of class WP_REST_Request could not be converted to string in /var/www/html/wp-content/plugins/samadhan-events-schedular/includes/functions.php on line 622

2021-03-31T12:09:21+00:00 CRITICAL Object of class WP_REST_Request could not be converted to string in /var/www/html/wp-content/plugins/samadhan-events-schedular/includes/functions.php on line 622

2021-03-31T12:09:24+00:00 CRITICAL Object of class WP_REST_Request could not be converted to string in /var/www/html/wp-content/plugins/samadhan-events-schedular/includes/functions.php on line 622

2021-03-31T12:09:31+00:00 CRITICAL Object of class WP_REST_Request could not be converted to string in /var/www/html/wp-content/plugins/samadhan-events-schedular/includes/functions.php on line 622

2021-03-31T12:09:42+00:00 CRITICAL Object of class WP_REST_Request could not be converted to string in /var/www/html/wp-content/plugins/samadhan-events-schedular/includes/functions.php on line 622

2021-03-31T12:09:52+00:00 CRITICAL Object of class WP_REST_Request could not be converted to string in /var/www/html/wp-content/plugins/samadhan-events-schedular/includes/functions.php on line 622

2021-03-31T12:10:17+00:00 CRITICAL Object of class WP_REST_Request could not be converted to string in /var/www/html/wp-content/plugins/samadhan-events-schedular/includes/functions.php on line 622

2021-03-31T12:10:36+00:00 CRITICAL Object of class WP_REST_Request could not be converted to string in /var/www/html/wp-content/plugins/samadhan-events-schedular/includes/functions.php on line 622

2021-03-31T12:11:10+00:00 CRITICAL Object of class WP_REST_Request could not be converted to string in /var/www/html/wp-content/plugins/samadhan-events-schedular/includes/functions.php on line 622

2021-03-31T12:11:22+00:00 CRITICAL Object of class WP_REST_Request could not be converted to string in /var/www/html/wp-content/plugins/samadhan-events-schedular/includes/functions.php on line 622

2021-03-31T12:12:06+00:00 CRITICAL Object of class WP_REST_Request could not be converted to string in /var/www/html/wp-content/plugins/samadhan-events-schedular/includes/functions.php on line 622

2021-03-31T12:12:34+00:00 CRITICAL Object of class WP_REST_Request could not be converted to string in /var/www/html/wp-content/plugins/samadhan-events-schedular/includes/functions.php on line 622

2021-03-31T12:13:31+00:00 CRITICAL Object of class WP_REST_Request could not be converted to string in /var/www/html/wp-content/plugins/samadhan-events-schedular/includes/functions.php on line 622

2021-03-31T12:16:14+00:00 CRITICAL Object of class WP_REST_Request could not be converted to string in /var/www/html/wp-content/plugins/samadhan-events-schedular/includes/functions.php on line 622

2021-03-31T12:16:19+00:00 CRITICAL Object of class WP_REST_Request could not be converted to string in /var/www/html/wp-content/plugins/samadhan-events-schedular/includes/functions.php on line 622

2021-03-31T12:16:32+00:00 CRITICAL Object of class WP_REST_Request could not be converted to string in /var/www/html/wp-content/plugins/samadhan-events-schedular/includes/functions.php on line 622

2021-03-31T12:16:32+00:00 CRITICAL Object of class WP_REST_Request could not be converted to string in /var/www/html/wp-content/plugins/samadhan-events-schedular/includes/functions.php on line 622

2021-03-31T12:16:46+00:00 CRITICAL Object of class WP_REST_Request could not be converted to string in /var/www/html/wp-content/plugins/samadhan-events-schedular/includes/functions.php on line 622

2021-03-31T12:16:47+00:00 CRITICAL Object of class WP_REST_Request could not be converted to string in /var/www/html/wp-content/plugins/samadhan-events-schedular/includes/functions.php on line 622

2021-03-31T12:16:58+00:00 CRITICAL Object of class WP_REST_Request could not be converted to string in /var/www/html/wp-content/plugins/samadhan-events-schedular/includes/functions.php on line 622

2021-03-31T12:17:08+00:00 CRITICAL Object of class WP_REST_Request could not be converted to string in /var/www/html/wp-content/plugins/samadhan-events-schedular/includes/functions.php on line 622

2021-03-31T12:19:15+00:00 CRITICAL Object of class WP_REST_Request could not be converted to string in /var/www/html/wp-content/plugins/samadhan-events-schedular/includes/functions.php on line 622

2021-03-31T12:19:37+00:00 CRITICAL Object of class WP_REST_Request could not be converted to string in /var/www/html/wp-content/plugins/samadhan-events-schedular/includes/functions.php on line 622

2021-03-31T12:19:57+00:00 CRITICAL Object of class WP_REST_Request could not be converted to string in /var/www/html/wp-content/plugins/samadhan-events-schedular/includes/functions.php on line 622

2021-03-31T12:21:06+00:00 CRITICAL Object of class WP_REST_Request could not be converted to string in /var/www/html/wp-content/plugins/samadhan-events-schedular/includes/functions.php on line 622

2021-03-31T12:23:23+00:00 CRITICAL Object of class WP_REST_Request could not be converted to string in /var/www/html/wp-content/plugins/samadhan-events-schedular/includes/functions.php on line 622

2021-03-31T12:24:27+00:00 CRITICAL Object of class WP_REST_Request could not be converted to string in /var/www/html/wp-content/plugins/samadhan-events-schedular/includes/functions.php on line 622

2021-03-31T12:24:33+00:00 CRITICAL Object of class WP_REST_Request could not be converted to string in /var/www/html/wp-content/plugins/samadhan-events-schedular/includes/functions.php on line 622

2021-03-31T12:24:38+00:00 CRITICAL Object of class WP_REST_Request could not be converted to string in /var/www/html/wp-content/plugins/samadhan-events-schedular/includes/functions.php on line 622

2021-03-31T12:24:45+00:00 CRITICAL Object of class WP_REST_Request could not be converted to string in /var/www/html/wp-content/plugins/samadhan-events-schedular/includes/functions.php on line 622

2021-03-31T12:24:56+00:00 CRITICAL Object of class WP_REST_Request could not be converted to string in /var/www/html/wp-content/plugins/samadhan-events-schedular/includes/functions.php on line 622

2021-03-31T12:25:38+00:00 CRITICAL Object of class WP_REST_Request could not be converted to string in /var/www/html/wp-content/plugins/samadhan-events-schedular/includes/functions.php on line 622

2021-03-31T12:25:47+00:00 CRITICAL Object of class WP_REST_Request could not be converted to string in /var/www/html/wp-content/plugins/samadhan-events-schedular/includes/functions.php on line 622

2021-03-31T12:26:17+00:00 CRITICAL Object of class WP_REST_Request could not be converted to string in /var/www/html/wp-content/plugins/samadhan-events-schedular/includes/functions.php on line 622

2021-03-31T12:26:30+00:00 CRITICAL Object of class WP_REST_Request could not be converted to string in /var/www/html/wp-content/plugins/samadhan-events-schedular/includes/functions.php on line 622

2021-03-31T12:27:52+00:00 CRITICAL Object of class WP_REST_Request could not be converted to string in /var/www/html/wp-content/plugins/samadhan-events-schedular/includes/functions.php on line 622

2021-03-31T12:27:59+00:00 CRITICAL Object of class WP_REST_Request could not be converted to string in /var/www/html/wp-content/plugins/samadhan-events-schedular/includes/functions.php on line 622

2021-03-31T12:30:38+00:00 CRITICAL Object of class WP_REST_Request could not be converted to string in /var/www/html/wp-content/plugins/samadhan-events-schedular/includes/functions.php on line 622

2021-03-31T12:33:47+00:00 CRITICAL Object of class WP_REST_Request could not be converted to string in /var/www/html/wp-content/plugins/samadhan-events-schedular/includes/functions.php on line 622

2021-03-31T12:34:54+00:00 CRITICAL Object of class WP_REST_Request could not be converted to string in /var/www/html/wp-content/plugins/samadhan-events-schedular/includes/functions.php on line 622

2021-03-31T12:36:07+00:00 CRITICAL Object of class WP_REST_Request could not be converted to string in /var/www/html/wp-content/plugins/samadhan-events-schedular/includes/functions.php on line 622

2021-03-31T12:36:12+00:00 CRITICAL Object of class WP_REST_Request could not be converted to string in /var/www/html/wp-content/plugins/samadhan-events-schedular/includes/functions.php on line 622

2021-03-31T12:36:21+00:00 CRITICAL Object of class WP_REST_Request could not be converted to string in /var/www/html/wp-content/plugins/samadhan-events-schedular/includes/functions.php on line 622

2021-03-31T12:36:46+00:00 CRITICAL Object of class WP_REST_Request could not be converted to string in /var/www/html/wp-content/plugins/samadhan-events-schedular/includes/functions.php on line 622

2021-03-31T12:36:51+00:00 CRITICAL Object of class WP_REST_Request could not be converted to string in /var/www/html/wp-content/plugins/samadhan-events-schedular/includes/functions.php on line 622

2021-03-31T12:51:30+00:00 CRITICAL Object of class WP_REST_Request could not be converted to string in /var/www/html/wp-content/plugins/samadhan-events-schedular/includes/functions.php on line 622

2021-03-31T12:53:23+00:00 CRITICAL Object of class WP_REST_Request could not be converted to string in /var/www/html/wp-content/plugins/samadhan-events-schedular/includes/functions.php on line 622

2021-03-31T12:53:28+00:00 CRITICAL Object of class WP_REST_Request could not be converted to string in /var/www/html/wp-content/plugins/samadhan-events-schedular/includes/functions.php on line 622

2021-03-31T12:56:55+00:00 CRITICAL Object of class WP_REST_Request could not be converted to string in /var/www/html/wp-content/plugins/samadhan-events-schedular/includes/functions.php on line 622

2021-03-31T12:57:41+00:00 CRITICAL Object of class WP_REST_Request could not be converted to string in /var/www/html/wp-content/plugins/samadhan-events-schedular/includes/functions.php on line 622

2021-03-31T12:57:45+00:00 CRITICAL Object of class WP_REST_Request could not be converted to string in /var/www/html/wp-content/plugins/samadhan-events-schedular/includes/functions.php on line 622

2021-03-31T12:57:53+00:00 CRITICAL Object of class WP_REST_Request could not be converted to string in /var/www/html/wp-content/plugins/samadhan-events-schedular/includes/functions.php on line 622

2021-03-31T12:58:16+00:00 CRITICAL Object of class WP_REST_Request could not be converted to string in /var/www/html/wp-content/plugins/samadhan-events-schedular/includes/functions.php on line 622

2021-03-31T12:58:22+00:00 CRITICAL Object of class WP_REST_Request could not be converted to string in /var/www/html/wp-content/plugins/samadhan-events-schedular/includes/functions.php on line 622

2021-03-31T13:21:57+00:00 CRITICAL Object of class WP_REST_Request could not be converted to string in /var/www/html/wp-content/plugins/samadhan-events-schedular/includes/functions.php on line 622

2021-03-31T21:38:50+00:00 CRITICAL Object of class WP_REST_Request could not be converted to string in /var/www/html/wp-content/plugins/samadhan-events-schedular/includes/functions.php on line 622

2021-03-31T21:41:05+00:00 CRITICAL Object of class WP_REST_Request could not be converted to string in /var/www/html/wp-content/plugins/samadhan-events-schedular/includes/functions.php on line 622

2021-03-31T21:41:20+00:00 CRITICAL Object of class WP_REST_Request could not be converted to string in /var/www/html/wp-content/plugins/samadhan-events-schedular/includes/functions.php on line 622

