2021-04-04T00:08:43+00:00 CRITICAL Uncaught Error: Class 'Astra_Control_Responsive_Color' not found in /var/www/html/wp-includes/class-wp-customize-manager.php:4121
Stack trace:
#0 /var/www/html/wp-includes/class-wp-hook.php(292): WP_Customize_Manager->render_control_templates()
#1 /var/www/html/wp-includes/class-wp-hook.php(316): WP_Hook->apply_filters()
#2 /var/www/html/wp-includes/plugin.php(484): WP_Hook->do_action()
#3 /var/www/html/wp-admin/customize.php(281): do_action()
#4 {main}
  thrown in /var/www/html/wp-includes/class-wp-customize-manager.php on line 4121

2021-04-04T00:08:58+00:00 CRITICAL Uncaught Error: Class 'Astra_Control_Responsive_Color' not found in /var/www/html/wp-includes/class-wp-customize-manager.php:4121
Stack trace:
#0 /var/www/html/wp-includes/class-wp-hook.php(292): WP_Customize_Manager->render_control_templates()
#1 /var/www/html/wp-includes/class-wp-hook.php(316): WP_Hook->apply_filters()
#2 /var/www/html/wp-includes/plugin.php(484): WP_Hook->do_action()
#3 /var/www/html/wp-admin/customize.php(281): do_action()
#4 {main}
  thrown in /var/www/html/wp-includes/class-wp-customize-manager.php on line 4121

2021-04-04T00:10:33+00:00 CRITICAL Uncaught Error: Class 'Astra_Control_Responsive_Color' not found in /var/www/html/wp-includes/class-wp-customize-manager.php:4121
Stack trace:
#0 /var/www/html/wp-includes/class-wp-hook.php(292): WP_Customize_Manager->render_control_templates()
#1 /var/www/html/wp-includes/class-wp-hook.php(316): WP_Hook->apply_filters()
#2 /var/www/html/wp-includes/plugin.php(484): WP_Hook->do_action()
#3 /var/www/html/wp-admin/customize.php(281): do_action()
#4 {main}
  thrown in /var/www/html/wp-includes/class-wp-customize-manager.php on line 4121

2021-04-04T01:28:35+00:00 CRITICAL Uncaught Error: Class 'Astra_Control_Responsive_Color' not found in /var/www/html/wp-includes/class-wp-customize-manager.php:4121
Stack trace:
#0 /var/www/html/wp-includes/class-wp-hook.php(292): WP_Customize_Manager->render_control_templates()
#1 /var/www/html/wp-includes/class-wp-hook.php(316): WP_Hook->apply_filters()
#2 /var/www/html/wp-includes/plugin.php(484): WP_Hook->do_action()
#3 /var/www/html/wp-admin/customize.php(281): do_action()
#4 {main}
  thrown in /var/www/html/wp-includes/class-wp-customize-manager.php on line 4121

2021-04-04T01:33:09+00:00 CRITICAL Uncaught Error: Class 'Astra_Control_Responsive_Color' not found in /var/www/html/wp-includes/class-wp-customize-manager.php:4121
Stack trace:
#0 /var/www/html/wp-includes/class-wp-hook.php(292): WP_Customize_Manager->render_control_templates()
#1 /var/www/html/wp-includes/class-wp-hook.php(316): WP_Hook->apply_filters()
#2 /var/www/html/wp-includes/plugin.php(484): WP_Hook->do_action()
#3 /var/www/html/wp-admin/customize.php(281): do_action()
#4 {main}
  thrown in /var/www/html/wp-includes/class-wp-customize-manager.php on line 4121

2021-04-04T01:35:20+00:00 CRITICAL Uncaught Error: Class 'Astra_Control_Responsive_Color' not found in /var/www/html/wp-includes/class-wp-customize-manager.php:4121
Stack trace:
#0 /var/www/html/wp-includes/class-wp-hook.php(292): WP_Customize_Manager->render_control_templates()
#1 /var/www/html/wp-includes/class-wp-hook.php(316): WP_Hook->apply_filters()
#2 /var/www/html/wp-includes/plugin.php(484): WP_Hook->do_action()
#3 /var/www/html/wp-admin/customize.php(281): do_action()
#4 {main}
  thrown in /var/www/html/wp-includes/class-wp-customize-manager.php on line 4121

2021-04-04T03:13:08+00:00 CRITICAL Uncaught Error: Object of class WP_REST_Request could not be converted to string in /var/www/html/wp-content/plugins/samadhan-events-schedular/includes/functions.php:674
Stack trace:
#0 /var/www/html/wp-includes/rest-api/class-wp-rest-server.php(1139): EventFunctons::getEventDataById()
#1 /var/www/html/wp-includes/rest-api/class-wp-rest-server.php(985): WP_REST_Server->respond_to_request()
#2 /var/www/html/wp-includes/rest-api/class-wp-rest-server.php(412): WP_REST_Server->dispatch()
#3 /var/www/html/wp-includes/rest-api.php(354): WP_REST_Server->serve_request()
#4 /var/www/html/wp-includes/class-wp-hook.php(292): rest_api_loaded()
#5 /var/www/html/wp-includes/class-wp-hook.php(316): WP_Hook->apply_filters()
#6 /var/www/html/wp-includes/plugin.php(551): WP_Hook->do_action()
#7 /var/www/html/wp-includes/class-wp.php(388): do_action_ref_array()
#8 /var/www/html/wp-includes/class-wp.php(750): WP->parse_request()
#9 /var/www/html/wp-includes/functions.php(1291): WP->main()
#10 /var/www/html/wp-blog-header.php(16) in /var/www/html/wp-content/plugins/samadhan-events-schedular/includes/functions.php on line 674

2021-04-04T10:07:52+00:00 CRITICAL Uncaught Error: Object of class WP_REST_Request could not be converted to string in /var/www/html/wp-content/plugins/samadhan-events-schedular/includes/functions.php:674
Stack trace:
#0 /var/www/html/wp-includes/rest-api/class-wp-rest-server.php(1139): EventFunctons::getEventDataById()
#1 /var/www/html/wp-includes/rest-api/class-wp-rest-server.php(985): WP_REST_Server->respond_to_request()
#2 /var/www/html/wp-includes/rest-api/class-wp-rest-server.php(412): WP_REST_Server->dispatch()
#3 /var/www/html/wp-includes/rest-api.php(354): WP_REST_Server->serve_request()
#4 /var/www/html/wp-includes/class-wp-hook.php(292): rest_api_loaded()
#5 /var/www/html/wp-includes/class-wp-hook.php(316): WP_Hook->apply_filters()
#6 /var/www/html/wp-includes/plugin.php(551): WP_Hook->do_action()
#7 /var/www/html/wp-includes/class-wp.php(388): do_action_ref_array()
#8 /var/www/html/wp-includes/class-wp.php(750): WP->parse_request()
#9 /var/www/html/wp-includes/functions.php(1291): WP->main()
#10 /var/www/html/wp-blog-header.php(16) in /var/www/html/wp-content/plugins/samadhan-events-schedular/includes/functions.php on line 674

2021-04-04T10:08:45+00:00 CRITICAL Uncaught Error: Object of class WP_REST_Request could not be converted to string in /var/www/html/wp-content/plugins/samadhan-events-schedular/includes/functions.php:674
Stack trace:
#0 /var/www/html/wp-includes/rest-api/class-wp-rest-server.php(1139): EventFunctons::getEventDataById()
#1 /var/www/html/wp-includes/rest-api/class-wp-rest-server.php(985): WP_REST_Server->respond_to_request()
#2 /var/www/html/wp-includes/rest-api/class-wp-rest-server.php(412): WP_REST_Server->dispatch()
#3 /var/www/html/wp-includes/rest-api.php(354): WP_REST_Server->serve_request()
#4 /var/www/html/wp-includes/class-wp-hook.php(292): rest_api_loaded()
#5 /var/www/html/wp-includes/class-wp-hook.php(316): WP_Hook->apply_filters()
#6 /var/www/html/wp-includes/plugin.php(551): WP_Hook->do_action()
#7 /var/www/html/wp-includes/class-wp.php(388): do_action_ref_array()
#8 /var/www/html/wp-includes/class-wp.php(750): WP->parse_request()
#9 /var/www/html/wp-includes/functions.php(1291): WP->main()
#10 /var/www/html/wp-blog-header.php(16) in /var/www/html/wp-content/plugins/samadhan-events-schedular/includes/functions.php on line 674

2021-04-04T10:11:42+00:00 CRITICAL Uncaught Error: Object of class WP_REST_Request could not be converted to string in /var/www/html/wp-content/plugins/samadhan-events-schedular/includes/functions.php:674
Stack trace:
#0 /var/www/html/wp-includes/rest-api/class-wp-rest-server.php(1139): EventFunctons::getEventDataById()
#1 /var/www/html/wp-includes/rest-api/class-wp-rest-server.php(985): WP_REST_Server->respond_to_request()
#2 /var/www/html/wp-includes/rest-api/class-wp-rest-server.php(412): WP_REST_Server->dispatch()
#3 /var/www/html/wp-includes/rest-api.php(354): WP_REST_Server->serve_request()
#4 /var/www/html/wp-includes/class-wp-hook.php(292): rest_api_loaded()
#5 /var/www/html/wp-includes/class-wp-hook.php(316): WP_Hook->apply_filters()
#6 /var/www/html/wp-includes/plugin.php(551): WP_Hook->do_action()
#7 /var/www/html/wp-includes/class-wp.php(388): do_action_ref_array()
#8 /var/www/html/wp-includes/class-wp.php(750): WP->parse_request()
#9 /var/www/html/wp-includes/functions.php(1291): WP->main()
#10 /var/www/html/wp-blog-header.php(16) in /var/www/html/wp-content/plugins/samadhan-events-schedular/includes/functions.php on line 674

2021-04-04T10:15:01+00:00 CRITICAL Uncaught Error: Object of class WP_REST_Request could not be converted to string in /var/www/html/wp-content/plugins/samadhan-events-schedular/includes/functions.php:674
Stack trace:
#0 /var/www/html/wp-includes/rest-api/class-wp-rest-server.php(1139): EventFunctons::getEventDataById()
#1 /var/www/html/wp-includes/rest-api/class-wp-rest-server.php(985): WP_REST_Server->respond_to_request()
#2 /var/www/html/wp-includes/rest-api/class-wp-rest-server.php(412): WP_REST_Server->dispatch()
#3 /var/www/html/wp-includes/rest-api.php(354): WP_REST_Server->serve_request()
#4 /var/www/html/wp-includes/class-wp-hook.php(292): rest_api_loaded()
#5 /var/www/html/wp-includes/class-wp-hook.php(316): WP_Hook->apply_filters()
#6 /var/www/html/wp-includes/plugin.php(551): WP_Hook->do_action()
#7 /var/www/html/wp-includes/class-wp.php(388): do_action_ref_array()
#8 /var/www/html/wp-includes/class-wp.php(750): WP->parse_request()
#9 /var/www/html/wp-includes/functions.php(1291): WP->main()
#10 /var/www/html/wp-blog-header.php(16) in /var/www/html/wp-content/plugins/samadhan-events-schedular/includes/functions.php on line 674

2021-04-04T10:15:44+00:00 CRITICAL Uncaught Error: Object of class WP_REST_Request could not be converted to string in /var/www/html/wp-content/plugins/samadhan-events-schedular/includes/functions.php:674
Stack trace:
#0 /var/www/html/wp-includes/rest-api/class-wp-rest-server.php(1139): EventFunctons::getEventDataById()
#1 /var/www/html/wp-includes/rest-api/class-wp-rest-server.php(985): WP_REST_Server->respond_to_request()
#2 /var/www/html/wp-includes/rest-api/class-wp-rest-server.php(412): WP_REST_Server->dispatch()
#3 /var/www/html/wp-includes/rest-api.php(354): WP_REST_Server->serve_request()
#4 /var/www/html/wp-includes/class-wp-hook.php(292): rest_api_loaded()
#5 /var/www/html/wp-includes/class-wp-hook.php(316): WP_Hook->apply_filters()
#6 /var/www/html/wp-includes/plugin.php(551): WP_Hook->do_action()
#7 /var/www/html/wp-includes/class-wp.php(388): do_action_ref_array()
#8 /var/www/html/wp-includes/class-wp.php(750): WP->parse_request()
#9 /var/www/html/wp-includes/functions.php(1291): WP->main()
#10 /var/www/html/wp-blog-header.php(16) in /var/www/html/wp-content/plugins/samadhan-events-schedular/includes/functions.php on line 674

2021-04-04T12:38:55+00:00 CRITICAL Uncaught Error: Class 'Astra_Control_Responsive_Color' not found in /var/www/html/wp-includes/class-wp-customize-manager.php:4121
Stack trace:
#0 /var/www/html/wp-includes/class-wp-hook.php(292): WP_Customize_Manager->render_control_templates()
#1 /var/www/html/wp-includes/class-wp-hook.php(316): WP_Hook->apply_filters()
#2 /var/www/html/wp-includes/plugin.php(484): WP_Hook->do_action()
#3 /var/www/html/wp-admin/customize.php(281): do_action()
#4 {main}
  thrown in /var/www/html/wp-includes/class-wp-customize-manager.php on line 4121

2021-04-04T12:39:38+00:00 CRITICAL Uncaught Error: Class 'Astra_Control_Responsive_Color' not found in /var/www/html/wp-includes/class-wp-customize-manager.php:4121
Stack trace:
#0 /var/www/html/wp-includes/class-wp-hook.php(292): WP_Customize_Manager->render_control_templates()
#1 /var/www/html/wp-includes/class-wp-hook.php(316): WP_Hook->apply_filters()
#2 /var/www/html/wp-includes/plugin.php(484): WP_Hook->do_action()
#3 /var/www/html/wp-admin/customize.php(281): do_action()
#4 {main}
  thrown in /var/www/html/wp-includes/class-wp-customize-manager.php on line 4121

2021-04-04T12:40:06+00:00 CRITICAL Uncaught Error: Class 'Astra_Control_Responsive_Color' not found in /var/www/html/wp-includes/class-wp-customize-manager.php:4121
Stack trace:
#0 /var/www/html/wp-includes/class-wp-hook.php(292): WP_Customize_Manager->render_control_templates()
#1 /var/www/html/wp-includes/class-wp-hook.php(316): WP_Hook->apply_filters()
#2 /var/www/html/wp-includes/plugin.php(484): WP_Hook->do_action()
#3 /var/www/html/wp-admin/customize.php(281): do_action()
#4 {main}
  thrown in /var/www/html/wp-includes/class-wp-customize-manager.php on line 4121

2021-04-04T12:40:39+00:00 CRITICAL Uncaught Error: Class 'Astra_Control_Responsive_Color' not found in /var/www/html/wp-includes/class-wp-customize-manager.php:4121
Stack trace:
#0 /var/www/html/wp-includes/class-wp-hook.php(292): WP_Customize_Manager->render_control_templates()
#1 /var/www/html/wp-includes/class-wp-hook.php(316): WP_Hook->apply_filters()
#2 /var/www/html/wp-includes/plugin.php(484): WP_Hook->do_action()
#3 /var/www/html/wp-admin/customize.php(281): do_action()
#4 {main}
  thrown in /var/www/html/wp-includes/class-wp-customize-manager.php on line 4121

2021-04-04T12:41:40+00:00 CRITICAL Uncaught Error: Class 'Astra_Control_Responsive_Color' not found in /var/www/html/wp-includes/class-wp-customize-manager.php:4121
Stack trace:
#0 /var/www/html/wp-includes/class-wp-hook.php(292): WP_Customize_Manager->render_control_templates()
#1 /var/www/html/wp-includes/class-wp-hook.php(316): WP_Hook->apply_filters()
#2 /var/www/html/wp-includes/plugin.php(484): WP_Hook->do_action()
#3 /var/www/html/wp-admin/customize.php(281): do_action()
#4 {main}
  thrown in /var/www/html/wp-includes/class-wp-customize-manager.php on line 4121

2021-04-04T12:42:24+00:00 CRITICAL Uncaught Error: Class 'Astra_Control_Responsive_Color' not found in /var/www/html/wp-includes/class-wp-customize-manager.php:4121
Stack trace:
#0 /var/www/html/wp-includes/class-wp-hook.php(292): WP_Customize_Manager->render_control_templates()
#1 /var/www/html/wp-includes/class-wp-hook.php(316): WP_Hook->apply_filters()
#2 /var/www/html/wp-includes/plugin.php(484): WP_Hook->do_action()
#3 /var/www/html/wp-admin/customize.php(281): do_action()
#4 {main}
  thrown in /var/www/html/wp-includes/class-wp-customize-manager.php on line 4121

2021-04-04T12:42:42+00:00 CRITICAL Uncaught Error: Class 'Astra_Control_Responsive_Color' not found in /var/www/html/wp-includes/class-wp-customize-manager.php:4121
Stack trace:
#0 /var/www/html/wp-includes/class-wp-hook.php(292): WP_Customize_Manager->render_control_templates()
#1 /var/www/html/wp-includes/class-wp-hook.php(316): WP_Hook->apply_filters()
#2 /var/www/html/wp-includes/plugin.php(484): WP_Hook->do_action()
#3 /var/www/html/wp-admin/customize.php(281): do_action()
#4 {main}
  thrown in /var/www/html/wp-includes/class-wp-customize-manager.php on line 4121

2021-04-04T12:44:51+00:00 CRITICAL Uncaught Error: Class 'Astra_Control_Responsive_Color' not found in /var/www/html/wp-includes/class-wp-customize-manager.php:4121
Stack trace:
#0 /var/www/html/wp-includes/class-wp-hook.php(292): WP_Customize_Manager->render_control_templates()
#1 /var/www/html/wp-includes/class-wp-hook.php(316): WP_Hook->apply_filters()
#2 /var/www/html/wp-includes/plugin.php(484): WP_Hook->do_action()
#3 /var/www/html/wp-admin/customize.php(281): do_action()
#4 {main}
  thrown in /var/www/html/wp-includes/class-wp-customize-manager.php on line 4121

2021-04-04T18:35:58+00:00 CRITICAL Uncaught Error: Class 'Astra_Control_Responsive_Color' not found in /var/www/html/wp-includes/class-wp-customize-manager.php:4121
Stack trace:
#0 /var/www/html/wp-includes/class-wp-hook.php(292): WP_Customize_Manager->render_control_templates()
#1 /var/www/html/wp-includes/class-wp-hook.php(316): WP_Hook->apply_filters()
#2 /var/www/html/wp-includes/plugin.php(484): WP_Hook->do_action()
#3 /var/www/html/wp-admin/customize.php(281): do_action()
#4 {main}
  thrown in /var/www/html/wp-includes/class-wp-customize-manager.php on line 4121

