03-29-2021 @ 04:48:45 - Request
method: POST
uri: https://apitest.authorize.net/xml/v1/request.api
user-agent: WooCommerce-Authorize.Net-Gateway/3.0.5 (WooCommerce/4.9.2; WordPress/5.7)
headers: Array
(
    [content-type] => application/xml
    [accept] => application/xml
)
body: <?xml version="1.0" encoding="UTF-8"?>
<getMerchantDetailsRequest xmlns="AnetApi/xml/v1/schema/AnetApiSchema.xsd">
  <merchantAuthentication>
    <name>***********</name>
    <transactionKey>****************</transactionKey>
  </merchantAuthentication>
</getMerchantDetailsRequest>
duration: 0.38947s

03-29-2021 @ 04:48:45 - Response
code: 200
message: OK
headers: Array
(
    [cache-control] => no-store
    [pragma] => no-cache
    [content-type] => application/xml; charset=utf-8
    [x-opnet-transaction-trace] => a2_39c6c6bf-a002-4086-8218-8cdedb82ab84-10220-2190934
    [access-control-allow-credentials] => true
    [access-control-allow-headers] => x-requested-with,cache-control,content-type,origin,method,SOAPAction
    [access-control-allow-methods] => PUT,OPTIONS,POST,GET
    [access-control-allow-origin] => *
    [strict-transport-security] => max-age=31536000
    [x-cnection] => close
    [date] => Mon, 29 Mar 2021 04:48:45 GMT
    [content-length] => 1659
)
body: <?xml version="1.0" encoding="utf-8"?>
<getMerchantDetailsResponse>
  <messages>
    <resultCode>Ok</resultCode>
    <message>
      <code>I00001</code>
      <text>Successful.</text>
    </message>
  </messages>
  <isTestMode>false</isTestMode>
  <processors>
    <processor>
      <name>First Data Nashville</name>
      <id>2</id>
      <cardTypes>
        <cardType>A</cardType>
        <cardType>D</cardType>
        <cardType>J</cardType>
        <cardType>M</cardType>
        <cardType>V</cardType>
      </cardTypes>
    </processor>
  </processors>
  <merchantName>Fazlur  Khan</merchantName>
  <gatewayId>777163</gatewayId>
  <marketTypes>
    <marketType>eCommerce</marketType>
  </marketTypes>
  <productCodes>
    <productCode>CNP</productCode>
  </productCodes>
  <paymentMethods>
    <paymentMethod>AmericanExpress</paymentMethod>
    <paymentMethod>Discover</paymentMethod>
    <paymentMethod>Echeck</paymentMethod>
    <paymentMethod>JCB</paymentMethod>
    <paymentMethod>MasterCard</paymentMethod>
    <paymentMethod>Visa</paymentMethod>
  </paymentMethods>
  <currencies>
    <currency>USD</currency>
  </currencies>
  <publicClientKey>8uL784vefeGgNMP65mJm4aCxnUz428LZK9zk99VDan7m9NHFxvJxz7sgMzN9hFN9</publicClientKey>
  <businessInformation>
    <company>Fazlur  Khan</company>
    <address>1 Main Street</address>
    <city>Bellevue</city>
    <state>WA</state>
    <zip>98004</zip>
    <country>US</country>
    <phoneNumber>425-555-1212</phoneNumber>
  </businessInformation>
  <merchantTimeZone>America/Los_Angeles</merchantTimeZone>
  <contactDetails>
    <contactDetail>
      <email>Fazlur.Khan34@gmail.com</email>
      <firstName>TestFirstName</firstName>
      <lastName>TestLastName</lastName>
    </contactDetail>
  </contactDetails>
</getMerchantDetailsResponse>

03-29-2021 @ 07:14:46 - Request
method: POST
uri: https://apitest.authorize.net/xml/v1/request.api
user-agent: WooCommerce-Authorize.Net-Gateway/3.0.5 (WooCommerce/4.9.2; WordPress/5.7)
headers: Array
(
    [content-type] => application/xml
    [accept] => application/xml
)
body: <?xml version="1.0" encoding="UTF-8"?>
<getMerchantDetailsRequest xmlns="AnetApi/xml/v1/schema/AnetApiSchema.xsd">
  <merchantAuthentication>
    <name>***********</name>
    <transactionKey>****************</transactionKey>
  </merchantAuthentication>
</getMerchantDetailsRequest>
duration: 0.25196s

03-29-2021 @ 07:14:46 - Response
code: 200
message: OK
headers: Array
(
    [cache-control] => no-store
    [pragma] => no-cache
    [content-type] => application/xml; charset=utf-8
    [x-opnet-transaction-trace] => a2_58f87a90-c499-4593-9444-0a8829c2e07b-10584-2464361
    [access-control-allow-credentials] => true
    [access-control-allow-headers] => x-requested-with,cache-control,content-type,origin,method,SOAPAction
    [access-control-allow-methods] => PUT,OPTIONS,POST,GET
    [access-control-allow-origin] => *
    [strict-transport-security] => max-age=31536000
    [x-cnection] => close
    [date] => Mon, 29 Mar 2021 07:14:46 GMT
    [content-length] => 1659
)
body: <?xml version="1.0" encoding="utf-8"?>
<getMerchantDetailsResponse>
  <messages>
    <resultCode>Ok</resultCode>
    <message>
      <code>I00001</code>
      <text>Successful.</text>
    </message>
  </messages>
  <isTestMode>false</isTestMode>
  <processors>
    <processor>
      <name>First Data Nashville</name>
      <id>2</id>
      <cardTypes>
        <cardType>A</cardType>
        <cardType>D</cardType>
        <cardType>J</cardType>
        <cardType>M</cardType>
        <cardType>V</cardType>
      </cardTypes>
    </processor>
  </processors>
  <merchantName>Fazlur  Khan</merchantName>
  <gatewayId>777163</gatewayId>
  <marketTypes>
    <marketType>eCommerce</marketType>
  </marketTypes>
  <productCodes>
    <productCode>CNP</productCode>
  </productCodes>
  <paymentMethods>
    <paymentMethod>AmericanExpress</paymentMethod>
    <paymentMethod>Discover</paymentMethod>
    <paymentMethod>Echeck</paymentMethod>
    <paymentMethod>JCB</paymentMethod>
    <paymentMethod>MasterCard</paymentMethod>
    <paymentMethod>Visa</paymentMethod>
  </paymentMethods>
  <currencies>
    <currency>USD</currency>
  </currencies>
  <publicClientKey>8uL784vefeGgNMP65mJm4aCxnUz428LZK9zk99VDan7m9NHFxvJxz7sgMzN9hFN9</publicClientKey>
  <businessInformation>
    <company>Fazlur  Khan</company>
    <address>1 Main Street</address>
    <city>Bellevue</city>
    <state>WA</state>
    <zip>98004</zip>
    <country>US</country>
    <phoneNumber>425-555-1212</phoneNumber>
  </businessInformation>
  <merchantTimeZone>America/Los_Angeles</merchantTimeZone>
  <contactDetails>
    <contactDetail>
      <email>Fazlur.Khan34@gmail.com</email>
      <firstName>TestFirstName</firstName>
      <lastName>TestLastName</lastName>
    </contactDetail>
  </contactDetails>
</getMerchantDetailsResponse>

03-29-2021 @ 07:15:41 - Accept.js Request:
 Array
(
    [authData] => Array
        (
            [clientKey] => ****
            [apiLoginID] => ****
        )

    [cardData] => Array
        (
            [cardNumber] => ************4242
            [month] => 1
            [year] => 2022
        )

)

03-29-2021 @ 07:15:43 - Accept.js Response:
 Array
(
    [opaqueData] => Array
        (
            [dataDescriptor] => COMMON.ACCEPT.INAPP.PAYMENT
            [dataValue] => eyJ0b2tlbiI6Ijk2MTcwMDIxNDIzMDE1MzM1MDM2MDIiLCJ2IjoiMS4xIn0=
        )

    [messages] => Array
        (
            [resultCode] => Ok
            [message] => Array
                (
                    [0] => Array
                        (
                            [code] => I_WC_01
                            [text] => Successful.
                        )

                )

        )

)

03-29-2021 @ 07:15:44 - Request
method: POST
uri: https://apitest.authorize.net/xml/v1/request.api
user-agent: WooCommerce-Authorize.Net-Gateway/3.0.5 (WooCommerce/4.9.2; WordPress/5.7)
headers: Array
(
    [content-type] => application/xml
    [accept] => application/xml
)
body: <?xml version="1.0" encoding="UTF-8"?>
<createCustomerProfileRequest xmlns="AnetApi/xml/v1/schema/AnetApiSchema.xsd">
  <merchantAuthentication>
    <name>***********</name>
    <transactionKey>****************</transactionKey>
  </merchantAuthentication>
  <refId>3463</refId>
  <profile>
    <merchantCustomerId>2508</merchantCustomerId>
    <email>Kalam260301@test.com</email>
    <paymentProfiles>
      <billTo>
        <firstName>Kalam260301</firstName>
        <lastName>TEST</lastName>
        <company>TEST</company>
        <address>99 Cleland Street</address>
        <city>MASCOT</city>
        <state>NSW</state>
        <zip>2020</zip>
        <country>AUS</country>
        <phoneNumber>4545445454</phoneNumber>
      </billTo>
      <payment>
        <opaqueData>
          <dataDescriptor>COMMON.ACCEPT.INAPP.PAYMENT</dataDescriptor>
          <dataValue>eyJ0b2tlbiI6Ijk2MTcwMDIxNDIzMDE1MzM1MDM2MDIiLCJ2IjoiMS4xIn0=</dataValue>
        </opaqueData>
      </payment>
    </paymentProfiles>
  </profile>
  <validationMode>none</validationMode>
</createCustomerProfileRequest>
duration: 0.58567s

03-29-2021 @ 07:15:44 - Response
code: 200
message: OK
headers: Array
(
    [cache-control] => no-store
    [pragma] => no-cache
    [content-type] => application/xml; charset=utf-8
    [x-opnet-transaction-trace] => a2_ce039876-09c9-4f10-b5f9-5f3c28cc9d62-5640-15057036
    [access-control-allow-credentials] => true
    [access-control-allow-headers] => x-requested-with,cache-control,content-type,origin,method,SOAPAction
    [access-control-allow-methods] => PUT,OPTIONS,POST,GET
    [access-control-allow-origin] => *
    [strict-transport-security] => max-age=31536000
    [x-cnection] => close
    [date] => Mon, 29 Mar 2021 07:15:43 GMT
    [content-length] => 596
)
body: <?xml version="1.0" encoding="utf-8"?>
<createCustomerProfileResponse>
  <refId>3463</refId>
  <messages>
    <resultCode>Ok</resultCode>
    <message>
      <code>I00001</code>
      <text>Successful.</text>
    </message>
  </messages>
  <customerProfileId>1930695924</customerProfileId>
  <customerPaymentProfileIdList>
    <numericString>1842806350</numericString>
  </customerPaymentProfileIdList>
  <customerShippingAddressIdList/>
  <validationDirectResponseList/>
</createCustomerProfileResponse>

03-29-2021 @ 07:15:44 - Request
method: POST
uri: https://apitest.authorize.net/xml/v1/request.api
user-agent: WooCommerce-Authorize.Net-Gateway/3.0.5 (WooCommerce/4.9.2; WordPress/5.7)
headers: Array
(
    [content-type] => application/xml
    [accept] => application/xml
)
body: <?xml version="1.0" encoding="UTF-8"?>
<getCustomerPaymentProfileRequest xmlns="AnetApi/xml/v1/schema/AnetApiSchema.xsd">
  <merchantAuthentication>
    <name>***********</name>
    <transactionKey>****************</transactionKey>
  </merchantAuthentication>
  <customerProfileId>1930695924</customerProfileId>
  <customerPaymentProfileId>1842806350</customerPaymentProfileId>
</getCustomerPaymentProfileRequest>
duration: 0.1505s

03-29-2021 @ 07:15:44 - Response
code: 200
message: OK
headers: Array
(
    [cache-control] => no-store
    [pragma] => no-cache
    [content-type] => application/xml; charset=utf-8
    [x-opnet-transaction-trace] => a2_ce039876-09c9-4f10-b5f9-5f3c28cc9d62-5640-15057047
    [access-control-allow-credentials] => true
    [access-control-allow-headers] => x-requested-with,cache-control,content-type,origin,method,SOAPAction
    [access-control-allow-methods] => PUT,OPTIONS,POST,GET
    [access-control-allow-origin] => *
    [strict-transport-security] => max-age=31536000
    [x-cnection] => close
    [date] => Mon, 29 Mar 2021 07:15:43 GMT
    [content-length] => 899
)
body: <?xml version="1.0" encoding="utf-8"?>
<getCustomerPaymentProfileResponse>
  <messages>
    <resultCode>Ok</resultCode>
    <message>
      <code>I00001</code>
      <text>Successful.</text>
    </message>
  </messages>
  <paymentProfile>
    <billTo>
      <firstName>Kalam260301</firstName>
      <lastName>TEST</lastName>
      <company>TEST</company>
      <address>99 Cleland Street</address>
      <city>MASCOT</city>
      <state>NSW</state>
      <zip>2020</zip>
      <country>AUS</country>
      <phoneNumber>4545445454</phoneNumber>
    </billTo>
    <customerProfileId>1930695924</customerProfileId>
    <customerPaymentProfileId>1842806350</customerPaymentProfileId>
    <payment>
      <creditCard>
        <cardNumber>XXXX4242</cardNumber>
        <expirationDate>XXXX</expirationDate>
        <cardType>Visa</cardType>
      </creditCard>
    </payment>
  </paymentProfile>
</getCustomerPaymentProfileResponse>

03-29-2021 @ 07:15:44 - Request
method: POST
uri: https://apitest.authorize.net/xml/v1/request.api
user-agent: WooCommerce-Authorize.Net-Gateway/3.0.5 (WooCommerce/4.9.2; WordPress/5.7)
headers: Array
(
    [content-type] => application/xml
    [accept] => application/xml
)
body: <?xml version="1.0" encoding="UTF-8"?>
<updateCustomerPaymentProfileRequest xmlns="AnetApi/xml/v1/schema/AnetApiSchema.xsd">
  <merchantAuthentication>
    <name>***********</name>
    <transactionKey>****************</transactionKey>
  </merchantAuthentication>
  <refId>3463</refId>
  <customerProfileId>1930695924</customerProfileId>
  <paymentProfile>
    <billTo>
      <firstName>Kalam260301</firstName>
      <lastName>TEST</lastName>
      <company>TEST</company>
      <address>99 Cleland Street</address>
      <city>MASCOT</city>
      <state>NSW</state>
      <zip>2020</zip>
      <country>AUS</country>
      <phoneNumber>4545445454</phoneNumber>
    </billTo>
    <payment>
      <creditCard>
        <cardNumber>XXXX4242</cardNumber>
        <expirationDate>XXXX</expirationDate>
      </creditCard>
    </payment>
    <customerPaymentProfileId>1842806350</customerPaymentProfileId>
  </paymentProfile>
  <validationMode>none</validationMode>
</updateCustomerPaymentProfileRequest>
duration: 0.30121s

03-29-2021 @ 07:15:44 - Response
code: 200
message: OK
headers: Array
(
    [cache-control] => no-store
    [pragma] => no-cache
    [content-type] => application/xml; charset=utf-8
    [x-opnet-transaction-trace] => a2_b88cb8e6-3b8e-4465-b79d-419b87df111f-4928-10652833
    [access-control-allow-credentials] => true
    [access-control-allow-headers] => x-requested-with,cache-control,content-type,origin,method,SOAPAction
    [access-control-allow-methods] => PUT,OPTIONS,POST,GET
    [access-control-allow-origin] => *
    [strict-transport-security] => max-age=31536000
    [x-cnection] => close
    [date] => Mon, 29 Mar 2021 07:15:44 GMT
    [content-length] => 394
)
body: <?xml version="1.0" encoding="utf-8"?>
<updateCustomerPaymentProfileResponse>
  <refId>3463</refId>
  <messages>
    <resultCode>Ok</resultCode>
    <message>
      <code>I00001</code>
      <text>Successful.</text>
    </message>
  </messages>
</updateCustomerPaymentProfileResponse>

03-29-2021 @ 07:15:44 - Request
method: POST
uri: https://apitest.authorize.net/xml/v1/request.api
user-agent: WooCommerce-Authorize.Net-Gateway/3.0.5 (WooCommerce/4.9.2; WordPress/5.7)
headers: Array
(
    [content-type] => application/xml
    [accept] => application/xml
)
body: <?xml version="1.0" encoding="UTF-8"?>
<createCustomerShippingAddressRequest xmlns="AnetApi/xml/v1/schema/AnetApiSchema.xsd">
  <merchantAuthentication>
    <name>***********</name>
    <transactionKey>****************</transactionKey>
  </merchantAuthentication>
  <refId>3463</refId>
  <customerProfileId>1930695924</customerProfileId>
  <address>
    <firstName>Kalam260301</firstName>
    <lastName>TEST</lastName>
    <company>TEST</company>
    <address>99 Cleland Street</address>
    <city>MASCOT</city>
    <state>NSW</state>
    <zip>2020</zip>
    <country>AUS</country>
  </address>
</createCustomerShippingAddressRequest>
duration: 0.17097s

03-29-2021 @ 07:15:44 - Response
code: 200
message: OK
headers: Array
(
    [cache-control] => no-store
    [pragma] => no-cache
    [content-type] => application/xml; charset=utf-8
    [x-opnet-transaction-trace] => a2_ce039876-09c9-4f10-b5f9-5f3c28cc9d62-5640-15057057
    [access-control-allow-credentials] => true
    [access-control-allow-headers] => x-requested-with,cache-control,content-type,origin,method,SOAPAction
    [access-control-allow-methods] => PUT,OPTIONS,POST,GET
    [access-control-allow-origin] => *
    [strict-transport-security] => max-age=31536000
    [x-cnection] => close
    [date] => Mon, 29 Mar 2021 07:15:44 GMT
    [content-length] => 493
)
body: <?xml version="1.0" encoding="utf-8"?>
<createCustomerShippingAddressResponse>
  <refId>3463</refId>
  <messages>
    <resultCode>Ok</resultCode>
    <message>
      <code>I00001</code>
      <text>Successful.</text>
    </message>
  </messages>
  <customerProfileId>1930695924</customerProfileId>
  <customerAddressId>901751066</customerAddressId>
</createCustomerShippingAddressResponse>

03-29-2021 @ 07:15:45 - Request
method: POST
uri: https://apitest.authorize.net/xml/v1/request.api
user-agent: WooCommerce-Authorize.Net-Gateway/3.0.5 (WooCommerce/4.9.2; WordPress/5.7)
headers: Array
(
    [content-type] => application/xml
    [accept] => application/xml
)
body: <?xml version="1.0" encoding="UTF-8"?>
<createCustomerProfileTransactionRequest xmlns="AnetApi/xml/v1/schema/AnetApiSchema.xsd">
  <merchantAuthentication>
    <name>***********</name>
    <transactionKey>****************</transactionKey>
  </merchantAuthentication>
  <refId>3463</refId>
  <transaction>
    <profileTransAuthCapture>
      <amount>24.99</amount>
      <shipping>
        <amount>10.00</amount>
        <name>Order Shipping</name>
        <description>Flat rate</description>
      </shipping>
      <lineItems>
        <itemId>97</itemId>
        <name>The Role of Pastors &amp;amp; Ch...</name>
        <description>SKU: DVD05</description>
        <quantity>1</quantity>
        <unitPrice>14.99</unitPrice>
      </lineItems>
      <customerProfileId>1930695924</customerProfileId>
      <customerPaymentProfileId>1842806350</customerPaymentProfileId>
      <customerShippingAddressId>901751066</customerShippingAddressId>
      <order>
        <invoiceNumber>3463</invoiceNumber>
        <description>WallBuilders Store - Order 3463</description>
      </order>
    </profileTransAuthCapture>
  </transaction>
  <extraOptions>x_solution_id=A1000065&amp;x_customer_ip=49.3.90.232&amp;x_currency_code=USD&amp;x_duplicate_window=0&amp;x_delim_char=%7C&amp;x_encap_char=%3A</extraOptions>
</createCustomerProfileTransactionRequest>
duration: 0.79827s

03-29-2021 @ 07:15:45 - Response
code: 200
message: OK
headers: Array
(
    [cache-control] => no-store
    [pragma] => no-cache
    [content-type] => application/xml; charset=utf-8
    [x-opnet-transaction-trace] => a2_b88cb8e6-3b8e-4465-b79d-419b87df111f-4928-10652842
    [access-control-allow-credentials] => true
    [access-control-allow-headers] => x-requested-with,cache-control,content-type,origin,method,SOAPAction
    [access-control-allow-methods] => PUT,OPTIONS,POST,GET
    [access-control-allow-origin] => *
    [strict-transport-security] => max-age=31536000
    [x-cnection] => close
    [date] => Mon, 29 Mar 2021 07:15:45 GMT
    [content-length] => 943
)
body: <?xml version="1.0" encoding="utf-8"?>
<createCustomerProfileTransactionResponse>
  <refId>3463</refId>
  <messages>
    <resultCode>Ok</resultCode>
    <message>
      <code>I00001</code>
      <text>Successful.</text>
    </message>
  </messages>
  <directResponse>:1:|:1:|:1:|:This transaction has been approved.:|:GNKISF:|:Y:|:60165026698:|:3463:|:WallBuilders Store - Order 3463:|:24.99:|:CC:|:auth_capture:|:2508:|:Kalam260301:|:TEST:|:TEST:|:99 Cleland Street:|:MASCOT:|:NSW:|:2020:|:AUS:|:4545445454:|::|:Kalam260301@test.com:|:Kalam260301:|:TEST:|:TEST:|:99 Cleland Street:|:MASCOT:|:NSW:|:2020:|:AUS:|::|::|:10.00:|::|::|::|:P:|:2:|::|::|::|::|::|::|::|::|::|::|:XXXX4242:|:Visa:|::|::|::|::|::|::|:NOISKSEQOIG0LAD60185D4G:|::|::|::|::|::|::|::|::|::|:901751066:|::</directResponse>
</createCustomerProfileTransactionResponse>

03-29-2021 @ 07:48:41 - Request
method: POST
uri: https://apitest.authorize.net/xml/v1/request.api
user-agent: WooCommerce-Authorize.Net-Gateway/3.0.5 (WooCommerce/4.9.2; WordPress/5.7)
headers: Array
(
    [content-type] => application/xml
    [accept] => application/xml
)
body: <?xml version="1.0" encoding="UTF-8"?>
<getCustomerProfileRequest xmlns="AnetApi/xml/v1/schema/AnetApiSchema.xsd">
  <merchantAuthentication>
    <name>***********</name>
    <transactionKey>****************</transactionKey>
  </merchantAuthentication>
  <customerProfileId>1930695924</customerProfileId>
</getCustomerProfileRequest>
duration: 0.18284s

03-29-2021 @ 07:48:41 - Response
code: 200
message: OK
headers: Array
(
    [cache-control] => no-store
    [pragma] => no-cache
    [content-type] => application/xml; charset=utf-8
    [x-opnet-transaction-trace] => a2_ce039876-09c9-4f10-b5f9-5f3c28cc9d62-5640-15077238
    [access-control-allow-credentials] => true
    [access-control-allow-headers] => x-requested-with,cache-control,content-type,origin,method,SOAPAction
    [access-control-allow-methods] => PUT,OPTIONS,POST,GET
    [access-control-allow-origin] => *
    [strict-transport-security] => max-age=31536000
    [x-cnection] => close
    [date] => Mon, 29 Mar 2021 07:48:40 GMT
    [content-length] => 1285
)
body: <?xml version="1.0" encoding="utf-8"?>
<getCustomerProfileResponse>
  <messages>
    <resultCode>Ok</resultCode>
    <message>
      <code>I00001</code>
      <text>Successful.</text>
    </message>
  </messages>
  <profile>
    <merchantCustomerId>2508</merchantCustomerId>
    <email>Kalam260301@test.com</email>
    <customerProfileId>1930695924</customerProfileId>
    <paymentProfiles>
      <billTo>
        <firstName>Kalam260301</firstName>
        <lastName>TEST</lastName>
        <company>TEST</company>
        <address>99 Cleland Street</address>
        <city>MASCOT</city>
        <state>NSW</state>
        <zip>2020</zip>
        <country>AUS</country>
        <phoneNumber>4545445454</phoneNumber>
      </billTo>
      <customerPaymentProfileId>1842806350</customerPaymentProfileId>
      <payment>
        <creditCard>
          <cardNumber>XXXX4242</cardNumber>
          <expirationDate>XXXX</expirationDate>
          <cardType>Visa</cardType>
        </creditCard>
      </payment>
    </paymentProfiles>
    <shipToList>
      <firstName>Kalam260301</firstName>
      <lastName>TEST</lastName>
      <company>TEST</company>
      <address>99 Cleland Street</address>
      <city>MASCOT</city>
      <state>NSW</state>
      <zip>2020</zip>
      <country>AUS</country>
      <customerAddressId>901751066</customerAddressId>
    </shipToList>
    <profileType>regular</profileType>
  </profile>
</getCustomerProfileResponse>

